[ 2015-10-16T08:41:44+08:00 ] 127.0.0.1 /thinkphp_3.2.3_full/index.php
INFO: [ app_init ] --START--
INFO: Run Behavior\BuildLiteBehavior [ RunTime:0.000025s ]
INFO: [ app_init ] --END-- [ RunTime:0.011313s ]
INFO: [ app_begin ] --START--
INFO: Run Behavior\ReadHtmlCacheBehavior [ RunTime:0.008076s ]
INFO: [ app_begin ] --END-- [ RunTime:0.008221s ]
SQL: SHOW COLUMNS FROM `show` [ RunTime:0.0222s ]
SQL: SHOW COLUMNS FROM `show` [ RunTime:0.0053s ]
SQL: SELECT * FROM `show`  [ RunTime:0.0005s ]
INFO: [ view_parse ] --START--
INFO: [ template_filter ] --START--
INFO: Run Behavior\ContentReplaceBehavior [ RunTime:0.000076s ]
INFO: [ template_filter ] --END-- [ RunTime:0.000184s ]
INFO: Run Behavior\ParseTemplateBehavior [ RunTime:0.056928s ]
INFO: [ view_parse ] --END-- [ RunTime:0.057056s ]
INFO: [ view_filter ] --START--
INFO: Run Behavior\WriteHtmlCacheBehavior [ RunTime:0.010903s ]
INFO: [ view_filter ] --END-- [ RunTime:0.011011s ]
INFO: [ app_end ] --START--
INFO: Run Behavior\ShowPageTraceBehavior [ RunTime:0.004947s ]
INFO: [ app_end ] --END-- [ RunTime:0.005044s ]

