[ 2016-06-14T11:24:50+08:00 ] 127.0.0.1 /xiangmu/Indiana/
INFO: [ app_init ] --START--
INFO: Run Behavior\BuildLiteBehavior [ RunTime:0.000024s ]
INFO: [ app_init ] --END-- [ RunTime:0.143621s ]
INFO: [ app_begin ] --START--
INFO: Run Behavior\ReadHtmlCacheBehavior [ RunTime:0.067560s ]
INFO: [ app_begin ] --END-- [ RunTime:0.067687s ]
INFO: [ view_parse ] --START--
INFO: [ template_filter ] --START--
INFO: Run Behavior\ContentReplaceBehavior [ RunTime:0.001200s ]
INFO: [ template_filter ] --END-- [ RunTime:0.001325s ]
INFO: Run Behavior\ParseTemplateBehavior [ RunTime:0.493549s ]
INFO: [ view_parse ] --END-- [ RunTime:0.493650s ]
INFO: [ view_filter ] --START--
INFO: Run Behavior\WriteHtmlCacheBehavior [ RunTime:0.117720s ]
INFO: [ view_filter ] --END-- [ RunTime:0.117795s ]
INFO: [ app_end ] --START--
INFO: Run Behavior\ShowPageTraceBehavior [ RunTime:0.100444s ]
INFO: [ app_end ] --END-- [ RunTime:0.100559s ]

[ 2016-06-14T20:30:40+08:00 ] 127.0.0.1 /xiangmu/Indiana/
INFO: [ app_init ] --START--
INFO: Run Behavior\BuildLiteBehavior [ RunTime:0.000019s ]
INFO: [ app_init ] --END-- [ RunTime:0.000617s ]
INFO: [ app_begin ] --START--
INFO: Run Behavior\ReadHtmlCacheBehavior [ RunTime:0.000758s ]
INFO: [ app_begin ] --END-- [ RunTime:0.000836s ]
INFO: [ view_parse ] --START--
INFO: [ template_filter ] --START--
INFO: Run Behavior\ContentReplaceBehavior [ RunTime:0.001363s ]
INFO: [ template_filter ] --END-- [ RunTime:0.001529s ]
INFO: Run Behavior\ParseTemplateBehavior [ RunTime:0.072126s ]
INFO: [ view_parse ] --END-- [ RunTime:0.072227s ]
INFO: [ view_filter ] --START--
INFO: Run Behavior\WriteHtmlCacheBehavior [ RunTime:0.000599s ]
INFO: [ view_filter ] --END-- [ RunTime:0.000678s ]
INFO: [ app_end ] --START--
INFO: Run Behavior\ShowPageTraceBehavior [ RunTime:0.001322s ]
INFO: [ app_end ] --END-- [ RunTime:0.001442s ]

