[ 2016-06-17T07:11:23+08:00 ] 127.0.0.1 /yiyuanduobao/Indiana/index.php/img.webscan.360.cn/status/pai/hash/38f0026577f967c66c8be6c1fce937f0
INFO: [ app_init ] --START--
INFO: Run Behavior\BuildLiteBehavior [ RunTime:0.000025s ]
INFO: [ app_init ] --END-- [ RunTime:0.000745s ]
ERR: 无法加载模块:Img.webscan.360.cn

[ 2016-06-17T07:11:24+08:00 ] 127.0.0.1 /yiyuanduobao/Indiana/index.php/img.webscan.360.cn/status/pai/hash/38f0026577f967c66c8be6c1fce937f0
INFO: [ app_init ] --START--
INFO: Run Behavior\BuildLiteBehavior [ RunTime:0.000023s ]
INFO: [ app_init ] --END-- [ RunTime:0.000587s ]
ERR: 无法加载模块:Img.webscan.360.cn

[ 2016-06-17T07:16:52+08:00 ] 127.0.0.1 /yiyuanduobao/Indiana/index.php/img.webscan.360.cn/status/pai/hash/38f0026577f967c66c8be6c1fce937f0
INFO: [ app_init ] --START--
INFO: Run Behavior\BuildLiteBehavior [ RunTime:0.000023s ]
INFO: [ app_init ] --END-- [ RunTime:0.000556s ]
ERR: 无法加载模块:Img.webscan.360.cn

[ 2016-06-17T07:16:53+08:00 ] 127.0.0.1 /yiyuanduobao/Indiana/index.php/img.webscan.360.cn/status/pai/hash/38f0026577f967c66c8be6c1fce937f0
INFO: [ app_init ] --START--
INFO: Run Behavior\BuildLiteBehavior [ RunTime:0.000016s ]
INFO: [ app_init ] --END-- [ RunTime:0.000413s ]
ERR: 无法加载模块:Img.webscan.360.cn

[ 2016-06-17T07:16:56+08:00 ] 127.0.0.1 /yiyuanduobao/Indiana/index.php/img.webscan.360.cn/status/pai/hash/38f0026577f967c66c8be6c1fce937f0
INFO: [ app_init ] --START--
INFO: Run Behavior\BuildLiteBehavior [ RunTime:0.000030s ]
INFO: [ app_init ] --END-- [ RunTime:0.000563s ]
ERR: 无法加载模块:Img.webscan.360.cn

[ 2016-06-17T07:16:56+08:00 ] 127.0.0.1 /yiyuanduobao/Indiana/index.php/img.webscan.360.cn/status/pai/hash/38f0026577f967c66c8be6c1fce937f0
INFO: [ app_init ] --START--
INFO: Run Behavior\BuildLiteBehavior [ RunTime:0.000023s ]
INFO: [ app_init ] --END-- [ RunTime:0.000570s ]
ERR: 无法加载模块:Img.webscan.360.cn

[ 2016-06-17T07:17:00+08:00 ] 127.0.0.1 /yiyuanduobao/Indiana/index.php/img.webscan.360.cn/status/pai/hash/38f0026577f967c66c8be6c1fce937f0
INFO: [ app_init ] --START--
INFO: Run Behavior\BuildLiteBehavior [ RunTime:0.000028s ]
INFO: [ app_init ] --END-- [ RunTime:0.000723s ]
ERR: 无法加载模块:Img.webscan.360.cn

[ 2016-06-17T07:17:00+08:00 ] 127.0.0.1 /yiyuanduobao/Indiana/index.php/img.webscan.360.cn/status/pai/hash/38f0026577f967c66c8be6c1fce937f0
INFO: [ app_init ] --START--
INFO: Run Behavior\BuildLiteBehavior [ RunTime:0.000025s ]
INFO: [ app_init ] --END-- [ RunTime:0.000694s ]
ERR: 无法加载模块:Img.webscan.360.cn

[ 2016-06-17T08:00:22+08:00 ] 127.0.0.1 /yiyuanduobao/Indiana/index.php/img.webscan.360.cn/status/pai/hash/38f0026577f967c66c8be6c1fce937f0
INFO: [ app_init ] --START--
INFO: Run Behavior\BuildLiteBehavior [ RunTime:0.000025s ]
INFO: [ app_init ] --END-- [ RunTime:0.000884s ]
ERR: 无法加载模块:Img.webscan.360.cn

[ 2016-06-17T08:00:22+08:00 ] 127.0.0.1 /yiyuanduobao/Indiana/index.php/hm.baidu.com/hm.js-2b4b5b636ef197d0102895dc999c07be
INFO: [ app_init ] --START--
INFO: Run Behavior\BuildLiteBehavior [ RunTime:0.000027s ]
INFO: [ app_init ] --END-- [ RunTime:0.000686s ]
ERR: 无法加载模块:Hm.baidu.com

[ 2016-06-17T08:00:22+08:00 ] 127.0.0.1 /yiyuanduobao/Indiana/index.php/img.webscan.360.cn/status/pai/hash/38f0026577f967c66c8be6c1fce937f0
INFO: [ app_init ] --START--
INFO: Run Behavior\BuildLiteBehavior [ RunTime:0.000018s ]
INFO: [ app_init ] --END-- [ RunTime:0.000465s ]
ERR: 无法加载模块:Img.webscan.360.cn

[ 2016-06-17T08:00:43+08:00 ] 127.0.0.1 /yiyuanduobao/Indiana/index.php/img.webscan.360.cn/status/pai/hash/38f0026577f967c66c8be6c1fce937f0
INFO: [ app_init ] --START--
INFO: Run Behavior\BuildLiteBehavior [ RunTime:0.000028s ]
INFO: [ app_init ] --END-- [ RunTime:0.000668s ]
ERR: 无法加载模块:Img.webscan.360.cn

[ 2016-06-17T08:00:44+08:00 ] 127.0.0.1 /yiyuanduobao/Indiana/index.php/img.webscan.360.cn/status/pai/hash/38f0026577f967c66c8be6c1fce937f0
INFO: [ app_init ] --START--
INFO: Run Behavior\BuildLiteBehavior [ RunTime:0.000031s ]
INFO: [ app_init ] --END-- [ RunTime:0.000902s ]
ERR: 无法加载模块:Img.webscan.360.cn

[ 2016-06-17T08:01:04+08:00 ] 127.0.0.1 /yiyuanduobao/Indiana/index.php/img.webscan.360.cn/status/pai/hash/38f0026577f967c66c8be6c1fce937f0
INFO: [ app_init ] --START--
INFO: Run Behavior\BuildLiteBehavior [ RunTime:0.000034s ]
INFO: [ app_init ] --END-- [ RunTime:0.000947s ]
ERR: 无法加载模块:Img.webscan.360.cn

[ 2016-06-17T08:01:04+08:00 ] 127.0.0.1 /yiyuanduobao/Indiana/index.php/hm.baidu.com/hm.js-2b4b5b636ef197d0102895dc999c07be
INFO: [ app_init ] --START--
INFO: Run Behavior\BuildLiteBehavior [ RunTime:0.000027s ]
INFO: [ app_init ] --END-- [ RunTime:0.000818s ]
ERR: 无法加载模块:Hm.baidu.com

[ 2016-06-17T08:01:04+08:00 ] 127.0.0.1 /yiyuanduobao/Indiana/index.php/img.webscan.360.cn/status/pai/hash/38f0026577f967c66c8be6c1fce937f0
INFO: [ app_init ] --START--
INFO: Run Behavior\BuildLiteBehavior [ RunTime:0.000025s ]
INFO: [ app_init ] --END-- [ RunTime:0.000629s ]
ERR: 无法加载模块:Img.webscan.360.cn

[ 2016-06-17T08:07:16+08:00 ] 127.0.0.1 /yiyuanduobao/Indiana/index.php/img.webscan.360.cn/status/pai/hash/38f0026577f967c66c8be6c1fce937f0
INFO: [ app_init ] --START--
INFO: Run Behavior\BuildLiteBehavior [ RunTime:0.000027s ]
INFO: [ app_init ] --END-- [ RunTime:0.000639s ]
ERR: 无法加载模块:Img.webscan.360.cn

[ 2016-06-17T08:07:16+08:00 ] 127.0.0.1 /yiyuanduobao/Indiana/index.php/img.webscan.360.cn/status/pai/hash/38f0026577f967c66c8be6c1fce937f0
INFO: [ app_init ] --START--
INFO: Run Behavior\BuildLiteBehavior [ RunTime:0.000047s ]
INFO: [ app_init ] --END-- [ RunTime:0.001018s ]
ERR: 无法加载模块:Img.webscan.360.cn

[ 2016-06-17T08:50:24+08:00 ] 127.0.0.1 /yiyuanduobao/Indiana/index.php/img.webscan.360.cn/status/pai/hash/38f0026577f967c66c8be6c1fce937f0
INFO: [ app_init ] --START--
INFO: Run Behavior\BuildLiteBehavior [ RunTime:0.000031s ]
INFO: [ app_init ] --END-- [ RunTime:0.000726s ]
ERR: 无法加载模块:Img.webscan.360.cn

[ 2016-06-17T08:50:24+08:00 ] 127.0.0.1 /yiyuanduobao/Indiana/index.php/hm.baidu.com/hm.js-2b4b5b636ef197d0102895dc999c07be
INFO: [ app_init ] --START--
INFO: Run Behavior\BuildLiteBehavior [ RunTime:0.000034s ]
INFO: [ app_init ] --END-- [ RunTime:0.000679s ]
ERR: 无法加载模块:Hm.baidu.com

[ 2016-06-17T08:50:24+08:00 ] 127.0.0.1 /yiyuanduobao/Indiana/index.php/img.webscan.360.cn/status/pai/hash/38f0026577f967c66c8be6c1fce937f0
INFO: [ app_init ] --START--
INFO: Run Behavior\BuildLiteBehavior [ RunTime:0.000026s ]
INFO: [ app_init ] --END-- [ RunTime:0.000659s ]
ERR: 无法加载模块:Img.webscan.360.cn

[ 2016-06-17T09:04:00+08:00 ] 127.0.0.1 /yiyuanduobao/Indiana/index.php/img.webscan.360.cn/status/pai/hash/38f0026577f967c66c8be6c1fce937f0
INFO: [ app_init ] --START--
INFO: Run Behavior\BuildLiteBehavior [ RunTime:0.000021s ]
INFO: [ app_init ] --END-- [ RunTime:0.000582s ]
ERR: 无法加载模块:Img.webscan.360.cn

[ 2016-06-17T09:04:00+08:00 ] 127.0.0.1 /yiyuanduobao/Indiana/index.php/img.webscan.360.cn/status/pai/hash/38f0026577f967c66c8be6c1fce937f0
INFO: [ app_init ] --START--
INFO: Run Behavior\BuildLiteBehavior [ RunTime:0.000031s ]
INFO: [ app_init ] --END-- [ RunTime:0.000767s ]
ERR: 无法加载模块:Img.webscan.360.cn

[ 2016-06-17T09:04:14+08:00 ] 127.0.0.1 /yiyuanduobao/Indiana/index.php/img.webscan.360.cn/status/pai/hash/38f0026577f967c66c8be6c1fce937f0
INFO: [ app_init ] --START--
INFO: Run Behavior\BuildLiteBehavior [ RunTime:0.000025s ]
INFO: [ app_init ] --END-- [ RunTime:0.000619s ]
ERR: 无法加载模块:Img.webscan.360.cn

[ 2016-06-17T09:05:08+08:00 ] 127.0.0.1 /yiyuanduobao/Indiana/index.php/img.webscan.360.cn/status/pai/hash/38f0026577f967c66c8be6c1fce937f0
INFO: [ app_init ] --START--
INFO: Run Behavior\BuildLiteBehavior [ RunTime:0.000031s ]
INFO: [ app_init ] --END-- [ RunTime:0.000622s ]
ERR: 无法加载模块:Img.webscan.360.cn

[ 2016-06-17T09:35:58+08:00 ] 127.0.0.1 /yiyuanduobao/Indiana/index.php/img.webscan.360.cn/status/pai/hash/38f0026577f967c66c8be6c1fce937f0
INFO: [ app_init ] --START--
INFO: Run Behavior\BuildLiteBehavior [ RunTime:0.000074s ]
INFO: [ app_init ] --END-- [ RunTime:0.001127s ]
ERR: 无法加载模块:Img.webscan.360.cn

[ 2016-06-17T09:35:58+08:00 ] 127.0.0.1 /yiyuanduobao/Indiana/index.php/hm.baidu.com/hm.js-2b4b5b636ef197d0102895dc999c07be
INFO: [ app_init ] --START--
INFO: Run Behavior\BuildLiteBehavior [ RunTime:0.000029s ]
INFO: [ app_init ] --END-- [ RunTime:0.000696s ]
ERR: 无法加载模块:Hm.baidu.com

[ 2016-06-17T09:35:58+08:00 ] 127.0.0.1 /yiyuanduobao/Indiana/index.php/img.webscan.360.cn/status/pai/hash/38f0026577f967c66c8be6c1fce937f0
INFO: [ app_init ] --START--
INFO: Run Behavior\BuildLiteBehavior [ RunTime:0.000030s ]
INFO: [ app_init ] --END-- [ RunTime:0.000699s ]
ERR: 无法加载模块:Img.webscan.360.cn

[ 2016-06-17T09:39:52+08:00 ] 127.0.0.1 /yiyuanduobao/Indiana/index.php/img.webscan.360.cn/status/pai/hash/38f0026577f967c66c8be6c1fce937f0
INFO: [ app_init ] --START--
INFO: Run Behavior\BuildLiteBehavior [ RunTime:0.000031s ]
INFO: [ app_init ] --END-- [ RunTime:0.000711s ]
ERR: 无法加载模块:Img.webscan.360.cn

[ 2016-06-17T09:39:52+08:00 ] 127.0.0.1 /yiyuanduobao/Indiana/index.php/hm.baidu.com/hm.js-2b4b5b636ef197d0102895dc999c07be
INFO: [ app_init ] --START--
INFO: Run Behavior\BuildLiteBehavior [ RunTime:0.000036s ]
INFO: [ app_init ] --END-- [ RunTime:0.000976s ]
ERR: 无法加载模块:Hm.baidu.com

[ 2016-06-17T09:39:53+08:00 ] 127.0.0.1 /yiyuanduobao/Indiana/index.php/img.webscan.360.cn/status/pai/hash/38f0026577f967c66c8be6c1fce937f0
INFO: [ app_init ] --START--
INFO: Run Behavior\BuildLiteBehavior [ RunTime:0.000031s ]
INFO: [ app_init ] --END-- [ RunTime:0.001443s ]
ERR: 无法加载模块:Img.webscan.360.cn

[ 2016-06-17T09:56:24+08:00 ] 127.0.0.1 /yiyuanduobao/Indiana/index.php/img.webscan.360.cn/status/pai/hash/38f0026577f967c66c8be6c1fce937f0
INFO: [ app_init ] --START--
INFO: Run Behavior\BuildLiteBehavior [ RunTime:0.000023s ]
INFO: [ app_init ] --END-- [ RunTime:0.000964s ]
ERR: 无法加载模块:Img.webscan.360.cn

[ 2016-06-17T09:56:24+08:00 ] 127.0.0.1 /yiyuanduobao/Indiana/index.php/hm.baidu.com/hm.js-2b4b5b636ef197d0102895dc999c07be
INFO: [ app_init ] --START--
INFO: Run Behavior\BuildLiteBehavior [ RunTime:0.000018s ]
INFO: [ app_init ] --END-- [ RunTime:0.000422s ]
ERR: 无法加载模块:Hm.baidu.com

[ 2016-06-17T09:56:24+08:00 ] 127.0.0.1 /yiyuanduobao/Indiana/index.php/img.webscan.360.cn/status/pai/hash/38f0026577f967c66c8be6c1fce937f0
INFO: [ app_init ] --START--
INFO: Run Behavior\BuildLiteBehavior [ RunTime:0.000018s ]
INFO: [ app_init ] --END-- [ RunTime:0.000412s ]
ERR: 无法加载模块:Img.webscan.360.cn

[ 2016-06-17T09:56:30+08:00 ] 127.0.0.1 /yiyuanduobao/Indiana/index.php/img.webscan.360.cn/status/pai/hash/38f0026577f967c66c8be6c1fce937f0
INFO: [ app_init ] --START--
INFO: Run Behavior\BuildLiteBehavior [ RunTime:0.000024s ]
INFO: [ app_init ] --END-- [ RunTime:0.000568s ]
ERR: 无法加载模块:Img.webscan.360.cn

[ 2016-06-17T09:56:30+08:00 ] 127.0.0.1 /yiyuanduobao/Indiana/index.php/hm.baidu.com/hm.js-2b4b5b636ef197d0102895dc999c07be
INFO: [ app_init ] --START--
INFO: Run Behavior\BuildLiteBehavior [ RunTime:0.000019s ]
INFO: [ app_init ] --END-- [ RunTime:0.000495s ]
ERR: 无法加载模块:Hm.baidu.com

[ 2016-06-17T09:56:30+08:00 ] 127.0.0.1 /yiyuanduobao/Indiana/index.php/img.webscan.360.cn/status/pai/hash/38f0026577f967c66c8be6c1fce937f0
INFO: [ app_init ] --START--
INFO: Run Behavior\BuildLiteBehavior [ RunTime:0.000028s ]
INFO: [ app_init ] --END-- [ RunTime:0.000661s ]
ERR: 无法加载模块:Img.webscan.360.cn

[ 2016-06-17T09:57:12+08:00 ] 127.0.0.1 /yiyuanduobao/Indiana/index.php/img.webscan.360.cn/status/pai/hash/38f0026577f967c66c8be6c1fce937f0
INFO: [ app_init ] --START--
INFO: Run Behavior\BuildLiteBehavior [ RunTime:0.000024s ]
INFO: [ app_init ] --END-- [ RunTime:0.000709s ]
ERR: 无法加载模块:Img.webscan.360.cn

[ 2016-06-17T09:57:12+08:00 ] 127.0.0.1 /yiyuanduobao/Indiana/index.php/hm.baidu.com/hm.js-2b4b5b636ef197d0102895dc999c07be
INFO: [ app_init ] --START--
INFO: Run Behavior\BuildLiteBehavior [ RunTime:0.000019s ]
INFO: [ app_init ] --END-- [ RunTime:0.000499s ]
ERR: 无法加载模块:Hm.baidu.com

[ 2016-06-17T09:57:12+08:00 ] 127.0.0.1 /yiyuanduobao/Indiana/index.php/img.webscan.360.cn/status/pai/hash/38f0026577f967c66c8be6c1fce937f0
INFO: [ app_init ] --START--
INFO: Run Behavior\BuildLiteBehavior [ RunTime:0.000017s ]
INFO: [ app_init ] --END-- [ RunTime:0.000426s ]
ERR: 无法加载模块:Img.webscan.360.cn

[ 2016-06-17T09:57:17+08:00 ] 127.0.0.1 /yiyuanduobao/Indiana/index.php/img.webscan.360.cn/status/pai/hash/38f0026577f967c66c8be6c1fce937f0
INFO: [ app_init ] --START--
INFO: Run Behavior\BuildLiteBehavior [ RunTime:0.000029s ]
INFO: [ app_init ] --END-- [ RunTime:0.000605s ]
ERR: 无法加载模块:Img.webscan.360.cn

[ 2016-06-17T09:57:18+08:00 ] 127.0.0.1 /yiyuanduobao/Indiana/index.php/img.webscan.360.cn/status/pai/hash/38f0026577f967c66c8be6c1fce937f0
INFO: [ app_init ] --START--
INFO: Run Behavior\BuildLiteBehavior [ RunTime:0.000024s ]
INFO: [ app_init ] --END-- [ RunTime:0.000727s ]
ERR: 无法加载模块:Img.webscan.360.cn

[ 2016-06-17T09:59:41+08:00 ] 127.0.0.1 /yiyuanduobao/Indiana/index.php/hm.baidu.com/hm.js-2b4b5b636ef197d0102895dc999c07be
INFO: [ app_init ] --START--
INFO: Run Behavior\BuildLiteBehavior [ RunTime:0.000018s ]
INFO: [ app_init ] --END-- [ RunTime:0.000442s ]
ERR: 无法加载模块:Hm.baidu.com

[ 2016-06-17T09:59:42+08:00 ] 127.0.0.1 /yiyuanduobao/Indiana/index.php/img.webscan.360.cn/status/pai/hash/38f0026577f967c66c8be6c1fce937f0
INFO: [ app_init ] --START--
INFO: Run Behavior\BuildLiteBehavior [ RunTime:0.000027s ]
INFO: [ app_init ] --END-- [ RunTime:0.000843s ]
ERR: 无法加载模块:Img.webscan.360.cn

[ 2016-06-17T09:59:46+08:00 ] 127.0.0.1 /yiyuanduobao/Indiana/index.php/img.webscan.360.cn/status/pai/hash/38f0026577f967c66c8be6c1fce937f0
INFO: [ app_init ] --START--
INFO: Run Behavior\BuildLiteBehavior [ RunTime:0.000015s ]
INFO: [ app_init ] --END-- [ RunTime:0.000385s ]
ERR: 无法加载模块:Img.webscan.360.cn

[ 2016-06-17T10:00:53+08:00 ] 127.0.0.1 /yiyuanduobao/Indiana/index.php/img.webscan.360.cn/status/pai/hash/38f0026577f967c66c8be6c1fce937f0
INFO: [ app_init ] --START--
INFO: Run Behavior\BuildLiteBehavior [ RunTime:0.000024s ]
INFO: [ app_init ] --END-- [ RunTime:0.000550s ]
ERR: 无法加载模块:Img.webscan.360.cn

[ 2016-06-17T10:00:53+08:00 ] 127.0.0.1 /yiyuanduobao/Indiana/index.php/hm.baidu.com/hm.js-2b4b5b636ef197d0102895dc999c07be
INFO: [ app_init ] --START--
INFO: Run Behavior\BuildLiteBehavior [ RunTime:0.000026s ]
INFO: [ app_init ] --END-- [ RunTime:0.000720s ]
ERR: 无法加载模块:Hm.baidu.com

[ 2016-06-17T10:00:53+08:00 ] 127.0.0.1 /yiyuanduobao/Indiana/index.php/img.webscan.360.cn/status/pai/hash/38f0026577f967c66c8be6c1fce937f0
INFO: [ app_init ] --START--
INFO: Run Behavior\BuildLiteBehavior [ RunTime:0.000028s ]
INFO: [ app_init ] --END-- [ RunTime:0.000648s ]
ERR: 无法加载模块:Img.webscan.360.cn

[ 2016-06-17T10:00:56+08:00 ] 127.0.0.1 /yiyuanduobao/Indiana/index.php/img.webscan.360.cn/status/pai/hash/38f0026577f967c66c8be6c1fce937f0
INFO: [ app_init ] --START--
INFO: Run Behavior\BuildLiteBehavior [ RunTime:0.000028s ]
INFO: [ app_init ] --END-- [ RunTime:0.000700s ]
ERR: 无法加载模块:Img.webscan.360.cn

[ 2016-06-17T10:00:56+08:00 ] 127.0.0.1 /yiyuanduobao/Indiana/index.php/hm.baidu.com/hm.js-2b4b5b636ef197d0102895dc999c07be
INFO: [ app_init ] --START--
INFO: Run Behavior\BuildLiteBehavior [ RunTime:0.000025s ]
INFO: [ app_init ] --END-- [ RunTime:0.000620s ]
ERR: 无法加载模块:Hm.baidu.com

[ 2016-06-17T10:00:57+08:00 ] 127.0.0.1 /yiyuanduobao/Indiana/index.php/img.webscan.360.cn/status/pai/hash/38f0026577f967c66c8be6c1fce937f0
INFO: [ app_init ] --START--
INFO: Run Behavior\BuildLiteBehavior [ RunTime:0.000015s ]
INFO: [ app_init ] --END-- [ RunTime:0.000380s ]
ERR: 无法加载模块:Img.webscan.360.cn

[ 2016-06-17T10:01:01+08:00 ] 127.0.0.1 /yiyuanduobao/Indiana/index.php/img.webscan.360.cn/status/pai/hash/38f0026577f967c66c8be6c1fce937f0
INFO: [ app_init ] --START--
INFO: Run Behavior\BuildLiteBehavior [ RunTime:0.000026s ]
INFO: [ app_init ] --END-- [ RunTime:0.000568s ]
ERR: 无法加载模块:Img.webscan.360.cn

[ 2016-06-17T10:01:01+08:00 ] 127.0.0.1 /yiyuanduobao/Indiana/index.php/hm.baidu.com/hm.js-2b4b5b636ef197d0102895dc999c07be
INFO: [ app_init ] --START--
INFO: Run Behavior\BuildLiteBehavior [ RunTime:0.000034s ]
INFO: [ app_init ] --END-- [ RunTime:0.000847s ]
ERR: 无法加载模块:Hm.baidu.com

[ 2016-06-17T10:01:01+08:00 ] 127.0.0.1 /yiyuanduobao/Indiana/index.php/img.webscan.360.cn/status/pai/hash/38f0026577f967c66c8be6c1fce937f0
INFO: [ app_init ] --START--
INFO: Run Behavior\BuildLiteBehavior [ RunTime:0.000038s ]
INFO: [ app_init ] --END-- [ RunTime:0.000822s ]
ERR: 无法加载模块:Img.webscan.360.cn

[ 2016-06-17T10:01:10+08:00 ] 127.0.0.1 /yiyuanduobao/Indiana/index.php/img.webscan.360.cn/status/pai/hash/38f0026577f967c66c8be6c1fce937f0
INFO: [ app_init ] --START--
INFO: Run Behavior\BuildLiteBehavior [ RunTime:0.000026s ]
INFO: [ app_init ] --END-- [ RunTime:0.000587s ]
ERR: 无法加载模块:Img.webscan.360.cn

[ 2016-06-17T10:01:10+08:00 ] 127.0.0.1 /yiyuanduobao/Indiana/index.php/img.webscan.360.cn/status/pai/hash/38f0026577f967c66c8be6c1fce937f0
INFO: [ app_init ] --START--
INFO: Run Behavior\BuildLiteBehavior [ RunTime:0.000027s ]
INFO: [ app_init ] --END-- [ RunTime:0.000634s ]
ERR: 无法加载模块:Img.webscan.360.cn

[ 2016-06-17T10:02:03+08:00 ] 127.0.0.1 /yiyuanduobao/Indiana/index.php/img.webscan.360.cn/status/pai/hash/38f0026577f967c66c8be6c1fce937f0
INFO: [ app_init ] --START--
INFO: Run Behavior\BuildLiteBehavior [ RunTime:0.000015s ]
INFO: [ app_init ] --END-- [ RunTime:0.000365s ]
ERR: 无法加载模块:Img.webscan.360.cn

[ 2016-06-17T10:02:06+08:00 ] 127.0.0.1 /yiyuanduobao/Indiana/index.php/img.webscan.360.cn/status/pai/hash/38f0026577f967c66c8be6c1fce937f0
INFO: [ app_init ] --START--
INFO: Run Behavior\BuildLiteBehavior [ RunTime:0.000017s ]
INFO: [ app_init ] --END-- [ RunTime:0.000411s ]
ERR: 无法加载模块:Img.webscan.360.cn

[ 2016-06-17T10:02:09+08:00 ] 127.0.0.1 /yiyuanduobao/Indiana/index.php/img.webscan.360.cn/status/pai/hash/38f0026577f967c66c8be6c1fce937f0
INFO: [ app_init ] --START--
INFO: Run Behavior\BuildLiteBehavior [ RunTime:0.000025s ]
INFO: [ app_init ] --END-- [ RunTime:0.000591s ]
ERR: 无法加载模块:Img.webscan.360.cn

[ 2016-06-17T10:02:10+08:00 ] 127.0.0.1 /yiyuanduobao/Indiana/index.php/img.webscan.360.cn/status/pai/hash/38f0026577f967c66c8be6c1fce937f0
INFO: [ app_init ] --START--
INFO: Run Behavior\BuildLiteBehavior [ RunTime:0.000022s ]
INFO: [ app_init ] --END-- [ RunTime:0.000524s ]
ERR: 无法加载模块:Img.webscan.360.cn

[ 2016-06-17T10:02:11+08:00 ] 127.0.0.1 /yiyuanduobao/Indiana/index.php/img.webscan.360.cn/status/pai/hash/38f0026577f967c66c8be6c1fce937f0
INFO: [ app_init ] --START--
INFO: Run Behavior\BuildLiteBehavior [ RunTime:0.000026s ]
INFO: [ app_init ] --END-- [ RunTime:0.000629s ]
ERR: 无法加载模块:Img.webscan.360.cn

[ 2016-06-17T10:02:11+08:00 ] 127.0.0.1 /yiyuanduobao/Indiana/index.php/hm.baidu.com/hm.js-2b4b5b636ef197d0102895dc999c07be
INFO: [ app_init ] --START--
INFO: Run Behavior\BuildLiteBehavior [ RunTime:0.000016s ]
INFO: [ app_init ] --END-- [ RunTime:0.000401s ]
ERR: 无法加载模块:Hm.baidu.com

[ 2016-06-17T10:02:11+08:00 ] 127.0.0.1 /yiyuanduobao/Indiana/index.php/img.webscan.360.cn/status/pai/hash/38f0026577f967c66c8be6c1fce937f0
INFO: [ app_init ] --START--
INFO: Run Behavior\BuildLiteBehavior [ RunTime:0.000026s ]
INFO: [ app_init ] --END-- [ RunTime:0.000629s ]
ERR: 无法加载模块:Img.webscan.360.cn

[ 2016-06-17T10:02:15+08:00 ] 127.0.0.1 /yiyuanduobao/Indiana/index.php/img.webscan.360.cn/status/pai/hash/38f0026577f967c66c8be6c1fce937f0
INFO: [ app_init ] --START--
INFO: Run Behavior\BuildLiteBehavior [ RunTime:0.000026s ]
INFO: [ app_init ] --END-- [ RunTime:0.000673s ]
ERR: 无法加载模块:Img.webscan.360.cn

[ 2016-06-17T10:02:15+08:00 ] 127.0.0.1 /yiyuanduobao/Indiana/index.php/hm.baidu.com/hm.js-2b4b5b636ef197d0102895dc999c07be
INFO: [ app_init ] --START--
INFO: Run Behavior\BuildLiteBehavior [ RunTime:0.000029s ]
INFO: [ app_init ] --END-- [ RunTime:0.000858s ]
ERR: 无法加载模块:Hm.baidu.com

[ 2016-06-17T10:02:15+08:00 ] 127.0.0.1 /yiyuanduobao/Indiana/index.php/img.webscan.360.cn/status/pai/hash/38f0026577f967c66c8be6c1fce937f0
INFO: [ app_init ] --START--
INFO: Run Behavior\BuildLiteBehavior [ RunTime:0.000025s ]
INFO: [ app_init ] --END-- [ RunTime:0.000594s ]
ERR: 无法加载模块:Img.webscan.360.cn

[ 2016-06-17T10:02:20+08:00 ] 127.0.0.1 /yiyuanduobao/Indiana/index.php/img.webscan.360.cn/status/pai/hash/38f0026577f967c66c8be6c1fce937f0
INFO: [ app_init ] --START--
INFO: Run Behavior\BuildLiteBehavior [ RunTime:0.000032s ]
INFO: [ app_init ] --END-- [ RunTime:0.000931s ]
ERR: 无法加载模块:Img.webscan.360.cn

[ 2016-06-17T10:03:19+08:00 ] 127.0.0.1 /yiyuanduobao/Indiana/index.php/img.webscan.360.cn/status/pai/hash/38f0026577f967c66c8be6c1fce937f0
INFO: [ app_init ] --START--
INFO: Run Behavior\BuildLiteBehavior [ RunTime:0.000030s ]
INFO: [ app_init ] --END-- [ RunTime:0.000700s ]
ERR: 无法加载模块:Img.webscan.360.cn

[ 2016-06-17T10:03:19+08:00 ] 127.0.0.1 /yiyuanduobao/Indiana/index.php/img.webscan.360.cn/status/pai/hash/38f0026577f967c66c8be6c1fce937f0
INFO: [ app_init ] --START--
INFO: Run Behavior\BuildLiteBehavior [ RunTime:0.000026s ]
INFO: [ app_init ] --END-- [ RunTime:0.000632s ]
ERR: 无法加载模块:Img.webscan.360.cn

[ 2016-06-17T10:04:27+08:00 ] 127.0.0.1 /yiyuanduobao/Indiana/index.php/img.webscan.360.cn/status/pai/hash/38f0026577f967c66c8be6c1fce937f0
INFO: [ app_init ] --START--
INFO: Run Behavior\BuildLiteBehavior [ RunTime:0.000018s ]
INFO: [ app_init ] --END-- [ RunTime:0.000481s ]
ERR: 无法加载模块:Img.webscan.360.cn

[ 2016-06-17T10:04:27+08:00 ] 127.0.0.1 /yiyuanduobao/Indiana/index.php/img.webscan.360.cn/status/pai/hash/38f0026577f967c66c8be6c1fce937f0
INFO: [ app_init ] --START--
INFO: Run Behavior\BuildLiteBehavior [ RunTime:0.000037s ]
INFO: [ app_init ] --END-- [ RunTime:0.000828s ]
ERR: 无法加载模块:Img.webscan.360.cn

[ 2016-06-17T10:04:35+08:00 ] 127.0.0.1 /yiyuanduobao/Indiana/index.php/img.webscan.360.cn/status/pai/hash/38f0026577f967c66c8be6c1fce937f0
INFO: [ app_init ] --START--
INFO: Run Behavior\BuildLiteBehavior [ RunTime:0.000024s ]
INFO: [ app_init ] --END-- [ RunTime:0.000563s ]
ERR: 无法加载模块:Img.webscan.360.cn

[ 2016-06-17T10:04:35+08:00 ] 127.0.0.1 /yiyuanduobao/Indiana/index.php/hm.baidu.com/hm.js-2b4b5b636ef197d0102895dc999c07be
INFO: [ app_init ] --START--
INFO: Run Behavior\BuildLiteBehavior [ RunTime:0.000027s ]
INFO: [ app_init ] --END-- [ RunTime:0.000650s ]
ERR: 无法加载模块:Hm.baidu.com

[ 2016-06-17T10:04:35+08:00 ] 127.0.0.1 /yiyuanduobao/Indiana/index.php/img.webscan.360.cn/status/pai/hash/38f0026577f967c66c8be6c1fce937f0
INFO: [ app_init ] --START--
INFO: Run Behavior\BuildLiteBehavior [ RunTime:0.000019s ]
INFO: [ app_init ] --END-- [ RunTime:0.000516s ]
ERR: 无法加载模块:Img.webscan.360.cn

[ 2016-06-17T10:04:36+08:00 ] 127.0.0.1 /yiyuanduobao/Indiana/index.php/img.webscan.360.cn/status/pai/hash/38f0026577f967c66c8be6c1fce937f0
INFO: [ app_init ] --START--
INFO: Run Behavior\BuildLiteBehavior [ RunTime:0.000026s ]
INFO: [ app_init ] --END-- [ RunTime:0.001786s ]
ERR: 无法加载模块:Img.webscan.360.cn

[ 2016-06-17T10:04:36+08:00 ] 127.0.0.1 /yiyuanduobao/Indiana/index.php/img.webscan.360.cn/status/pai/hash/38f0026577f967c66c8be6c1fce937f0
INFO: [ app_init ] --START--
INFO: Run Behavior\BuildLiteBehavior [ RunTime:0.000026s ]
INFO: [ app_init ] --END-- [ RunTime:0.000651s ]
ERR: 无法加载模块:Img.webscan.360.cn

[ 2016-06-17T10:04:37+08:00 ] 127.0.0.1 /yiyuanduobao/Indiana/index.php/img.webscan.360.cn/status/pai/hash/38f0026577f967c66c8be6c1fce937f0
INFO: [ app_init ] --START--
INFO: Run Behavior\BuildLiteBehavior [ RunTime:0.000035s ]
INFO: [ app_init ] --END-- [ RunTime:0.000743s ]
ERR: 无法加载模块:Img.webscan.360.cn

[ 2016-06-17T10:04:37+08:00 ] 127.0.0.1 /yiyuanduobao/Indiana/index.php/hm.baidu.com/hm.js-2b4b5b636ef197d0102895dc999c07be
INFO: [ app_init ] --START--
INFO: Run Behavior\BuildLiteBehavior [ RunTime:0.000027s ]
INFO: [ app_init ] --END-- [ RunTime:0.000530s ]
ERR: 无法加载模块:Hm.baidu.com

[ 2016-06-17T10:04:37+08:00 ] 127.0.0.1 /yiyuanduobao/Indiana/index.php/img.webscan.360.cn/status/pai/hash/38f0026577f967c66c8be6c1fce937f0
INFO: [ app_init ] --START--
INFO: Run Behavior\BuildLiteBehavior [ RunTime:0.000017s ]
INFO: [ app_init ] --END-- [ RunTime:0.000425s ]
ERR: 无法加载模块:Img.webscan.360.cn

[ 2016-06-17T10:04:39+08:00 ] 127.0.0.1 /yiyuanduobao/Indiana/index.php/img.webscan.360.cn/status/pai/hash/38f0026577f967c66c8be6c1fce937f0
INFO: [ app_init ] --START--
INFO: Run Behavior\BuildLiteBehavior [ RunTime:0.000026s ]
INFO: [ app_init ] --END-- [ RunTime:0.000566s ]
ERR: 无法加载模块:Img.webscan.360.cn

[ 2016-06-17T10:04:40+08:00 ] 127.0.0.1 /yiyuanduobao/Indiana/index.php/img.webscan.360.cn/status/pai/hash/38f0026577f967c66c8be6c1fce937f0
INFO: [ app_init ] --START--
INFO: Run Behavior\BuildLiteBehavior [ RunTime:0.000027s ]
INFO: [ app_init ] --END-- [ RunTime:0.000588s ]
ERR: 无法加载模块:Img.webscan.360.cn

[ 2016-06-17T10:04:44+08:00 ] 127.0.0.1 /yiyuanduobao/Indiana/index.php/img.webscan.360.cn/status/pai/hash/38f0026577f967c66c8be6c1fce937f0
INFO: [ app_init ] --START--
INFO: Run Behavior\BuildLiteBehavior [ RunTime:0.000025s ]
INFO: [ app_init ] --END-- [ RunTime:0.000599s ]
ERR: 无法加载模块:Img.webscan.360.cn

[ 2016-06-17T10:04:45+08:00 ] 127.0.0.1 /yiyuanduobao/Indiana/index.php/img.webscan.360.cn/status/pai/hash/38f0026577f967c66c8be6c1fce937f0
INFO: [ app_init ] --START--
INFO: Run Behavior\BuildLiteBehavior [ RunTime:0.000034s ]
INFO: [ app_init ] --END-- [ RunTime:0.002090s ]
ERR: 无法加载模块:Img.webscan.360.cn

[ 2016-06-17T10:04:50+08:00 ] 127.0.0.1 /yiyuanduobao/Indiana/index.php/img.webscan.360.cn/status/pai/hash/38f0026577f967c66c8be6c1fce937f0
INFO: [ app_init ] --START--
INFO: Run Behavior\BuildLiteBehavior [ RunTime:0.000027s ]
INFO: [ app_init ] --END-- [ RunTime:0.000587s ]
ERR: 无法加载模块:Img.webscan.360.cn

[ 2016-06-17T10:04:50+08:00 ] 127.0.0.1 /yiyuanduobao/Indiana/index.php/img.webscan.360.cn/status/pai/hash/38f0026577f967c66c8be6c1fce937f0
INFO: [ app_init ] --START--
INFO: Run Behavior\BuildLiteBehavior [ RunTime:0.000042s ]
INFO: [ app_init ] --END-- [ RunTime:0.003464s ]
ERR: 无法加载模块:Img.webscan.360.cn

[ 2016-06-17T10:04:52+08:00 ] 127.0.0.1 /yiyuanduobao/Indiana/index.php/img.webscan.360.cn/status/pai/hash/38f0026577f967c66c8be6c1fce937f0
INFO: [ app_init ] --START--
INFO: Run Behavior\BuildLiteBehavior [ RunTime:0.000015s ]
INFO: [ app_init ] --END-- [ RunTime:0.000406s ]
ERR: 无法加载模块:Img.webscan.360.cn

[ 2016-06-17T10:04:53+08:00 ] 127.0.0.1 /yiyuanduobao/Indiana/index.php/img.webscan.360.cn/status/pai/hash/38f0026577f967c66c8be6c1fce937f0
INFO: [ app_init ] --START--
INFO: Run Behavior\BuildLiteBehavior [ RunTime:0.000016s ]
INFO: [ app_init ] --END-- [ RunTime:0.000409s ]
ERR: 无法加载模块:Img.webscan.360.cn

[ 2016-06-17T10:04:57+08:00 ] 127.0.0.1 /yiyuanduobao/Indiana/index.php/img.webscan.360.cn/status/pai/hash/38f0026577f967c66c8be6c1fce937f0
INFO: [ app_init ] --START--
INFO: Run Behavior\BuildLiteBehavior [ RunTime:0.000027s ]
INFO: [ app_init ] --END-- [ RunTime:0.000559s ]
ERR: 无法加载模块:Img.webscan.360.cn

[ 2016-06-17T10:04:58+08:00 ] 127.0.0.1 /yiyuanduobao/Indiana/index.php/img.webscan.360.cn/status/pai/hash/38f0026577f967c66c8be6c1fce937f0
INFO: [ app_init ] --START--
INFO: Run Behavior\BuildLiteBehavior [ RunTime:0.000023s ]
INFO: [ app_init ] --END-- [ RunTime:0.000545s ]
ERR: 无法加载模块:Img.webscan.360.cn

[ 2016-06-17T10:05:38+08:00 ] 127.0.0.1 /yiyuanduobao/Indiana/index.php/img.webscan.360.cn/status/pai/hash/38f0026577f967c66c8be6c1fce937f0
INFO: [ app_init ] --START--
INFO: Run Behavior\BuildLiteBehavior [ RunTime:0.000022s ]
INFO: [ app_init ] --END-- [ RunTime:0.000538s ]
ERR: 无法加载模块:Img.webscan.360.cn

[ 2016-06-17T10:05:38+08:00 ] 127.0.0.1 /yiyuanduobao/Indiana/index.php/img.webscan.360.cn/status/pai/hash/38f0026577f967c66c8be6c1fce937f0
INFO: [ app_init ] --START--
INFO: Run Behavior\BuildLiteBehavior [ RunTime:0.000027s ]
INFO: [ app_init ] --END-- [ RunTime:0.000661s ]
ERR: 无法加载模块:Img.webscan.360.cn

[ 2016-06-17T10:05:40+08:00 ] 127.0.0.1 /yiyuanduobao/Indiana/index.php/img.webscan.360.cn/status/pai/hash/38f0026577f967c66c8be6c1fce937f0
INFO: [ app_init ] --START--
INFO: Run Behavior\BuildLiteBehavior [ RunTime:0.000018s ]
INFO: [ app_init ] --END-- [ RunTime:0.000408s ]
ERR: 无法加载模块:Img.webscan.360.cn

[ 2016-06-17T10:05:40+08:00 ] 127.0.0.1 /yiyuanduobao/Indiana/index.php/img.webscan.360.cn/status/pai/hash/38f0026577f967c66c8be6c1fce937f0
INFO: [ app_init ] --START--
INFO: Run Behavior\BuildLiteBehavior [ RunTime:0.000027s ]
INFO: [ app_init ] --END-- [ RunTime:0.000587s ]
ERR: 无法加载模块:Img.webscan.360.cn

[ 2016-06-17T10:05:51+08:00 ] 127.0.0.1 /yiyuanduobao/Indiana/index.php/img.webscan.360.cn/status/pai/hash/38f0026577f967c66c8be6c1fce937f0
INFO: [ app_init ] --START--
INFO: Run Behavior\BuildLiteBehavior [ RunTime:0.000017s ]
INFO: [ app_init ] --END-- [ RunTime:0.000423s ]
ERR: 无法加载模块:Img.webscan.360.cn

[ 2016-06-17T10:05:51+08:00 ] 127.0.0.1 /yiyuanduobao/Indiana/index.php/hm.baidu.com/hm.js-2b4b5b636ef197d0102895dc999c07be
INFO: [ app_init ] --START--
INFO: Run Behavior\BuildLiteBehavior [ RunTime:0.000018s ]
INFO: [ app_init ] --END-- [ RunTime:0.000452s ]
ERR: 无法加载模块:Hm.baidu.com

[ 2016-06-17T10:05:51+08:00 ] 127.0.0.1 /yiyuanduobao/Indiana/index.php/img.webscan.360.cn/status/pai/hash/38f0026577f967c66c8be6c1fce937f0
INFO: [ app_init ] --START--
INFO: Run Behavior\BuildLiteBehavior [ RunTime:0.000035s ]
INFO: [ app_init ] --END-- [ RunTime:0.000993s ]
ERR: 无法加载模块:Img.webscan.360.cn

[ 2016-06-17T10:05:52+08:00 ] 127.0.0.1 /yiyuanduobao/Indiana/index.php/img.webscan.360.cn/status/pai/hash/38f0026577f967c66c8be6c1fce937f0
INFO: [ app_init ] --START--
INFO: Run Behavior\BuildLiteBehavior [ RunTime:0.000016s ]
INFO: [ app_init ] --END-- [ RunTime:0.000429s ]
ERR: 无法加载模块:Img.webscan.360.cn

[ 2016-06-17T10:05:53+08:00 ] 127.0.0.1 /yiyuanduobao/Indiana/index.php/img.webscan.360.cn/status/pai/hash/38f0026577f967c66c8be6c1fce937f0
INFO: [ app_init ] --START--
INFO: Run Behavior\BuildLiteBehavior [ RunTime:0.000031s ]
INFO: [ app_init ] --END-- [ RunTime:0.000655s ]
ERR: 无法加载模块:Img.webscan.360.cn

[ 2016-06-17T10:06:02+08:00 ] 127.0.0.1 /yiyuanduobao/Indiana/index.php/img.webscan.360.cn/status/pai/hash/38f0026577f967c66c8be6c1fce937f0
INFO: [ app_init ] --START--
INFO: Run Behavior\BuildLiteBehavior [ RunTime:0.000025s ]
INFO: [ app_init ] --END-- [ RunTime:0.000602s ]
ERR: 无法加载模块:Img.webscan.360.cn

[ 2016-06-17T10:06:02+08:00 ] 127.0.0.1 /yiyuanduobao/Indiana/index.php/hm.baidu.com/hm.js-2b4b5b636ef197d0102895dc999c07be
INFO: [ app_init ] --START--
INFO: Run Behavior\BuildLiteBehavior [ RunTime:0.000018s ]
INFO: [ app_init ] --END-- [ RunTime:0.000425s ]
ERR: 无法加载模块:Hm.baidu.com

[ 2016-06-17T10:06:02+08:00 ] 127.0.0.1 /yiyuanduobao/Indiana/index.php/img.webscan.360.cn/status/pai/hash/38f0026577f967c66c8be6c1fce937f0
INFO: [ app_init ] --START--
INFO: Run Behavior\BuildLiteBehavior [ RunTime:0.000026s ]
INFO: [ app_init ] --END-- [ RunTime:0.000582s ]
ERR: 无法加载模块:Img.webscan.360.cn

[ 2016-06-17T10:07:18+08:00 ] 127.0.0.1 /yiyuanduobao/Indiana/index.php/img.webscan.360.cn/status/pai/hash/38f0026577f967c66c8be6c1fce937f0
INFO: [ app_init ] --START--
INFO: Run Behavior\BuildLiteBehavior [ RunTime:0.000021s ]
INFO: [ app_init ] --END-- [ RunTime:0.000592s ]
ERR: 无法加载模块:Img.webscan.360.cn

[ 2016-06-17T10:07:18+08:00 ] 127.0.0.1 /yiyuanduobao/Indiana/index.php/hm.baidu.com/hm.js-2b4b5b636ef197d0102895dc999c07be
INFO: [ app_init ] --START--
INFO: Run Behavior\BuildLiteBehavior [ RunTime:0.000026s ]
INFO: [ app_init ] --END-- [ RunTime:0.000830s ]
ERR: 无法加载模块:Hm.baidu.com

[ 2016-06-17T10:07:18+08:00 ] 127.0.0.1 /yiyuanduobao/Indiana/index.php/img.webscan.360.cn/status/pai/hash/38f0026577f967c66c8be6c1fce937f0
INFO: [ app_init ] --START--
INFO: Run Behavior\BuildLiteBehavior [ RunTime:0.000025s ]
INFO: [ app_init ] --END-- [ RunTime:0.000641s ]
ERR: 无法加载模块:Img.webscan.360.cn

[ 2016-06-17T10:07:52+08:00 ] 127.0.0.1 /yiyuanduobao/Indiana/index.php/img.webscan.360.cn/status/pai/hash/38f0026577f967c66c8be6c1fce937f0
INFO: [ app_init ] --START--
INFO: Run Behavior\BuildLiteBehavior [ RunTime:0.000017s ]
INFO: [ app_init ] --END-- [ RunTime:0.000521s ]
ERR: 无法加载模块:Img.webscan.360.cn

[ 2016-06-17T10:07:52+08:00 ] 127.0.0.1 /yiyuanduobao/Indiana/index.php/hm.baidu.com/hm.js-2b4b5b636ef197d0102895dc999c07be
INFO: [ app_init ] --START--
INFO: Run Behavior\BuildLiteBehavior [ RunTime:0.000017s ]
INFO: [ app_init ] --END-- [ RunTime:0.000397s ]
ERR: 无法加载模块:Hm.baidu.com

[ 2016-06-17T10:07:52+08:00 ] 127.0.0.1 /yiyuanduobao/Indiana/index.php/img.webscan.360.cn/status/pai/hash/38f0026577f967c66c8be6c1fce937f0
INFO: [ app_init ] --START--
INFO: Run Behavior\BuildLiteBehavior [ RunTime:0.000018s ]
INFO: [ app_init ] --END-- [ RunTime:0.000400s ]
ERR: 无法加载模块:Img.webscan.360.cn

[ 2016-06-17T10:10:41+08:00 ] 127.0.0.1 /yiyuanduobao/Indiana/index.php/img.webscan.360.cn/status/pai/hash/38f0026577f967c66c8be6c1fce937f0
INFO: [ app_init ] --START--
INFO: Run Behavior\BuildLiteBehavior [ RunTime:0.000078s ]
INFO: [ app_init ] --END-- [ RunTime:0.001317s ]
ERR: 无法加载模块:Img.webscan.360.cn

[ 2016-06-17T10:10:41+08:00 ] 127.0.0.1 /yiyuanduobao/Indiana/index.php/hm.baidu.com/hm.js-2b4b5b636ef197d0102895dc999c07be
INFO: [ app_init ] --START--
INFO: Run Behavior\BuildLiteBehavior [ RunTime:0.000041s ]
INFO: [ app_init ] --END-- [ RunTime:0.000909s ]
ERR: 无法加载模块:Hm.baidu.com

[ 2016-06-17T10:10:42+08:00 ] 127.0.0.1 /yiyuanduobao/Indiana/index.php/img.webscan.360.cn/status/pai/hash/38f0026577f967c66c8be6c1fce937f0
INFO: [ app_init ] --START--
INFO: Run Behavior\BuildLiteBehavior [ RunTime:0.000035s ]
INFO: [ app_init ] --END-- [ RunTime:0.000610s ]
ERR: 无法加载模块:Img.webscan.360.cn

[ 2016-06-17T10:12:54+08:00 ] 127.0.0.1 /yiyuanduobao/Indiana/index.php/img.webscan.360.cn/status/pai/hash/38f0026577f967c66c8be6c1fce937f0
INFO: [ app_init ] --START--
INFO: Run Behavior\BuildLiteBehavior [ RunTime:0.000016s ]
INFO: [ app_init ] --END-- [ RunTime:0.000416s ]
ERR: 无法加载模块:Img.webscan.360.cn

[ 2016-06-17T10:12:54+08:00 ] 127.0.0.1 /yiyuanduobao/Indiana/index.php/hm.baidu.com/hm.js-2b4b5b636ef197d0102895dc999c07be
INFO: [ app_init ] --START--
INFO: Run Behavior\BuildLiteBehavior [ RunTime:0.000018s ]
INFO: [ app_init ] --END-- [ RunTime:0.000433s ]
ERR: 无法加载模块:Hm.baidu.com

[ 2016-06-17T10:12:54+08:00 ] 127.0.0.1 /yiyuanduobao/Indiana/index.php/img.webscan.360.cn/status/pai/hash/38f0026577f967c66c8be6c1fce937f0
INFO: [ app_init ] --START--
INFO: Run Behavior\BuildLiteBehavior [ RunTime:0.000017s ]
INFO: [ app_init ] --END-- [ RunTime:0.000439s ]
ERR: 无法加载模块:Img.webscan.360.cn

[ 2016-06-17T10:13:26+08:00 ] 127.0.0.1 /yiyuanduobao/Indiana/index.php/img.webscan.360.cn/status/pai/hash/38f0026577f967c66c8be6c1fce937f0
INFO: [ app_init ] --START--
INFO: Run Behavior\BuildLiteBehavior [ RunTime:0.000060s ]
INFO: [ app_init ] --END-- [ RunTime:0.000785s ]
ERR: 无法加载模块:Img.webscan.360.cn

[ 2016-06-17T10:13:26+08:00 ] 127.0.0.1 /yiyuanduobao/Indiana/index.php/img.webscan.360.cn/status/pai/hash/38f0026577f967c66c8be6c1fce937f0
INFO: [ app_init ] --START--
INFO: Run Behavior\BuildLiteBehavior [ RunTime:0.000023s ]
INFO: [ app_init ] --END-- [ RunTime:0.000535s ]
ERR: 无法加载模块:Img.webscan.360.cn

[ 2016-06-17T10:13:46+08:00 ] 127.0.0.1 /yiyuanduobao/Indiana/index.php/img.webscan.360.cn/status/pai/hash/38f0026577f967c66c8be6c1fce937f0
INFO: [ app_init ] --START--
INFO: Run Behavior\BuildLiteBehavior [ RunTime:0.000018s ]
INFO: [ app_init ] --END-- [ RunTime:0.000500s ]
ERR: 无法加载模块:Img.webscan.360.cn

[ 2016-06-17T10:13:46+08:00 ] 127.0.0.1 /yiyuanduobao/Indiana/index.php/hm.baidu.com/hm.js-2b4b5b636ef197d0102895dc999c07be
INFO: [ app_init ] --START--
INFO: Run Behavior\BuildLiteBehavior [ RunTime:0.000016s ]
INFO: [ app_init ] --END-- [ RunTime:0.000423s ]
ERR: 无法加载模块:Hm.baidu.com

[ 2016-06-17T10:13:46+08:00 ] 127.0.0.1 /yiyuanduobao/Indiana/index.php/img.webscan.360.cn/status/pai/hash/38f0026577f967c66c8be6c1fce937f0
INFO: [ app_init ] --START--
INFO: Run Behavior\BuildLiteBehavior [ RunTime:0.000017s ]
INFO: [ app_init ] --END-- [ RunTime:0.000451s ]
ERR: 无法加载模块:Img.webscan.360.cn

[ 2016-06-17T10:13:47+08:00 ] 127.0.0.1 /yiyuanduobao/Indiana/index.php/img.webscan.360.cn/status/pai/hash/38f0026577f967c66c8be6c1fce937f0
INFO: [ app_init ] --START--
INFO: Run Behavior\BuildLiteBehavior [ RunTime:0.000024s ]
INFO: [ app_init ] --END-- [ RunTime:0.000594s ]
ERR: 无法加载模块:Img.webscan.360.cn

[ 2016-06-17T10:13:47+08:00 ] 127.0.0.1 /yiyuanduobao/Indiana/index.php/img.webscan.360.cn/status/pai/hash/38f0026577f967c66c8be6c1fce937f0
INFO: [ app_init ] --START--
INFO: Run Behavior\BuildLiteBehavior [ RunTime:0.000016s ]
INFO: [ app_init ] --END-- [ RunTime:0.000397s ]
ERR: 无法加载模块:Img.webscan.360.cn

[ 2016-06-17T10:13:48+08:00 ] 127.0.0.1 /yiyuanduobao/Indiana/index.php/img.webscan.360.cn/status/pai/hash/38f0026577f967c66c8be6c1fce937f0
INFO: [ app_init ] --START--
INFO: Run Behavior\BuildLiteBehavior [ RunTime:0.000019s ]
INFO: [ app_init ] --END-- [ RunTime:0.000629s ]
ERR: 无法加载模块:Img.webscan.360.cn

[ 2016-06-17T10:13:48+08:00 ] 127.0.0.1 /yiyuanduobao/Indiana/index.php/img.webscan.360.cn/status/pai/hash/38f0026577f967c66c8be6c1fce937f0
INFO: [ app_init ] --START--
INFO: Run Behavior\BuildLiteBehavior [ RunTime:0.000022s ]
INFO: [ app_init ] --END-- [ RunTime:0.000563s ]
ERR: 无法加载模块:Img.webscan.360.cn

[ 2016-06-17T10:16:30+08:00 ] 127.0.0.1 /yiyuanduobao/Indiana/index.php/img.webscan.360.cn/status/pai/hash/38f0026577f967c66c8be6c1fce937f0
INFO: [ app_init ] --START--
INFO: Run Behavior\BuildLiteBehavior [ RunTime:0.000028s ]
INFO: [ app_init ] --END-- [ RunTime:0.000615s ]
ERR: 无法加载模块:Img.webscan.360.cn

[ 2016-06-17T10:16:30+08:00 ] 127.0.0.1 /yiyuanduobao/Indiana/index.php/img.webscan.360.cn/status/pai/hash/38f0026577f967c66c8be6c1fce937f0
INFO: [ app_init ] --START--
INFO: Run Behavior\BuildLiteBehavior [ RunTime:0.000018s ]
INFO: [ app_init ] --END-- [ RunTime:0.000459s ]
ERR: 无法加载模块:Img.webscan.360.cn

[ 2016-06-17T10:16:32+08:00 ] 127.0.0.1 /yiyuanduobao/Indiana/index.php/img.webscan.360.cn/status/pai/hash/38f0026577f967c66c8be6c1fce937f0
INFO: [ app_init ] --START--
INFO: Run Behavior\BuildLiteBehavior [ RunTime:0.000016s ]
INFO: [ app_init ] --END-- [ RunTime:0.000404s ]
ERR: 无法加载模块:Img.webscan.360.cn

[ 2016-06-17T10:16:32+08:00 ] 127.0.0.1 /yiyuanduobao/Indiana/index.php/img.webscan.360.cn/status/pai/hash/38f0026577f967c66c8be6c1fce937f0
INFO: [ app_init ] --START--
INFO: Run Behavior\BuildLiteBehavior [ RunTime:0.000025s ]
INFO: [ app_init ] --END-- [ RunTime:0.000634s ]
ERR: 无法加载模块:Img.webscan.360.cn

[ 2016-06-17T10:16:41+08:00 ] 127.0.0.1 /yiyuanduobao/Indiana/index.php/img.webscan.360.cn/status/pai/hash/38f0026577f967c66c8be6c1fce937f0
INFO: [ app_init ] --START--
INFO: Run Behavior\BuildLiteBehavior [ RunTime:0.000030s ]
INFO: [ app_init ] --END-- [ RunTime:0.000733s ]
ERR: 无法加载模块:Img.webscan.360.cn

[ 2016-06-17T10:16:41+08:00 ] 127.0.0.1 /yiyuanduobao/Indiana/index.php/hm.baidu.com/hm.js-2b4b5b636ef197d0102895dc999c07be
INFO: [ app_init ] --START--
INFO: Run Behavior\BuildLiteBehavior [ RunTime:0.000022s ]
INFO: [ app_init ] --END-- [ RunTime:0.000535s ]
ERR: 无法加载模块:Hm.baidu.com

[ 2016-06-17T10:16:41+08:00 ] 127.0.0.1 /yiyuanduobao/Indiana/index.php/img.webscan.360.cn/status/pai/hash/38f0026577f967c66c8be6c1fce937f0
INFO: [ app_init ] --START--
INFO: Run Behavior\BuildLiteBehavior [ RunTime:0.000017s ]
INFO: [ app_init ] --END-- [ RunTime:0.000440s ]
ERR: 无法加载模块:Img.webscan.360.cn

[ 2016-06-17T10:22:04+08:00 ] 127.0.0.1 /yiyuanduobao/Indiana/index.php/img.webscan.360.cn/status/pai/hash/38f0026577f967c66c8be6c1fce937f0
INFO: [ app_init ] --START--
INFO: Run Behavior\BuildLiteBehavior [ RunTime:0.000024s ]
INFO: [ app_init ] --END-- [ RunTime:0.000608s ]
ERR: 无法加载模块:Img.webscan.360.cn

[ 2016-06-17T10:22:04+08:00 ] 127.0.0.1 /yiyuanduobao/Indiana/index.php/img.webscan.360.cn/status/pai/hash/38f0026577f967c66c8be6c1fce937f0
INFO: [ app_init ] --START--
INFO: Run Behavior\BuildLiteBehavior [ RunTime:0.000025s ]
INFO: [ app_init ] --END-- [ RunTime:0.000595s ]
ERR: 无法加载模块:Img.webscan.360.cn

[ 2016-06-17T10:28:38+08:00 ] 127.0.0.1 /yiyuanduobao/Indiana/index.php/img.webscan.360.cn/status/pai/hash/38f0026577f967c66c8be6c1fce937f0
INFO: [ app_init ] --START--
INFO: Run Behavior\BuildLiteBehavior [ RunTime:0.000028s ]
INFO: [ app_init ] --END-- [ RunTime:0.002795s ]
ERR: 无法加载模块:Img.webscan.360.cn

[ 2016-06-17T10:28:38+08:00 ] 127.0.0.1 /yiyuanduobao/Indiana/index.php/hm.baidu.com/hm.js-2b4b5b636ef197d0102895dc999c07be
INFO: [ app_init ] --START--
INFO: Run Behavior\BuildLiteBehavior [ RunTime:0.000014s ]
INFO: [ app_init ] --END-- [ RunTime:0.000365s ]
ERR: 无法加载模块:Hm.baidu.com

[ 2016-06-17T10:28:39+08:00 ] 127.0.0.1 /yiyuanduobao/Indiana/index.php/img.webscan.360.cn/status/pai/hash/38f0026577f967c66c8be6c1fce937f0
INFO: [ app_init ] --START--
INFO: Run Behavior\BuildLiteBehavior [ RunTime:0.000016s ]
INFO: [ app_init ] --END-- [ RunTime:0.000400s ]
ERR: 无法加载模块:Img.webscan.360.cn

[ 2016-06-17T10:32:09+08:00 ] 127.0.0.1 /yiyuanduobao/Indiana/index.php/img.webscan.360.cn/status/pai/hash/38f0026577f967c66c8be6c1fce937f0
INFO: [ app_init ] --START--
INFO: Run Behavior\BuildLiteBehavior [ RunTime:0.000024s ]
INFO: [ app_init ] --END-- [ RunTime:0.000643s ]
ERR: 无法加载模块:Img.webscan.360.cn

[ 2016-06-17T10:32:09+08:00 ] 127.0.0.1 /yiyuanduobao/Indiana/index.php/hm.baidu.com/hm.js-2b4b5b636ef197d0102895dc999c07be
INFO: [ app_init ] --START--
INFO: Run Behavior\BuildLiteBehavior [ RunTime:0.000023s ]
INFO: [ app_init ] --END-- [ RunTime:0.000548s ]
ERR: 无法加载模块:Hm.baidu.com

[ 2016-06-17T10:32:09+08:00 ] 127.0.0.1 /yiyuanduobao/Indiana/index.php/www.google-analytics.com/analytics.js
INFO: [ app_init ] --START--
INFO: Run Behavior\BuildLiteBehavior [ RunTime:0.000027s ]
INFO: [ app_init ] --END-- [ RunTime:0.000743s ]
ERR: 无法加载模块:Www.google-analytics.com

[ 2016-06-17T10:32:09+08:00 ] 127.0.0.1 /yiyuanduobao/Indiana/index.php/img.webscan.360.cn/status/pai/hash/38f0026577f967c66c8be6c1fce937f0
INFO: [ app_init ] --START--
INFO: Run Behavior\BuildLiteBehavior [ RunTime:0.000029s ]
INFO: [ app_init ] --END-- [ RunTime:0.000804s ]
ERR: 无法加载模块:Img.webscan.360.cn

[ 2016-06-17T10:33:41+08:00 ] 127.0.0.1 /yiyuanduobao/Indiana/index.php/img.webscan.360.cn/status/pai/hash/38f0026577f967c66c8be6c1fce937f0
INFO: [ app_init ] --START--
INFO: Run Behavior\BuildLiteBehavior [ RunTime:0.000031s ]
INFO: [ app_init ] --END-- [ RunTime:0.049170s ]
ERR: 无法加载模块:Img.webscan.360.cn

[ 2016-06-17T10:33:41+08:00 ] 127.0.0.1 /yiyuanduobao/Indiana/index.php/img.webscan.360.cn/status/pai/hash/38f0026577f967c66c8be6c1fce937f0
INFO: [ app_init ] --START--
INFO: Run Behavior\BuildLiteBehavior [ RunTime:0.000026s ]
INFO: [ app_init ] --END-- [ RunTime:0.000890s ]
ERR: 无法加载模块:Img.webscan.360.cn

[ 2016-06-17T10:34:04+08:00 ] 127.0.0.1 /yiyuanduobao/Indiana/index.php/img.webscan.360.cn/status/pai/hash/38f0026577f967c66c8be6c1fce937f0
INFO: [ app_init ] --START--
INFO: Run Behavior\BuildLiteBehavior [ RunTime:0.000019s ]
INFO: [ app_init ] --END-- [ RunTime:0.000433s ]
ERR: 无法加载模块:Img.webscan.360.cn

[ 2016-06-17T10:34:04+08:00 ] 127.0.0.1 /yiyuanduobao/Indiana/index.php/img.webscan.360.cn/status/pai/hash/38f0026577f967c66c8be6c1fce937f0
INFO: [ app_init ] --START--
INFO: Run Behavior\BuildLiteBehavior [ RunTime:0.000024s ]
INFO: [ app_init ] --END-- [ RunTime:0.000678s ]
ERR: 无法加载模块:Img.webscan.360.cn

[ 2016-06-17T10:36:48+08:00 ] 127.0.0.1 /yiyuanduobao/Indiana/index.php/statics/templates/yungoucms/css/CartList.css
INFO: [ app_init ] --START--
INFO: Run Behavior\BuildLiteBehavior [ RunTime:0.000025s ]
INFO: [ app_init ] --END-- [ RunTime:0.000592s ]
ERR: 无法加载模块:Statics

[ 2016-06-17T10:36:48+08:00 ] 127.0.0.1 /yiyuanduobao/Indiana/index.php/statics/plugin/style/global/js/jquery-1.8.3.min.js
INFO: [ app_init ] --START--
INFO: Run Behavior\BuildLiteBehavior [ RunTime:0.000031s ]
INFO: [ app_init ] --END-- [ RunTime:0.000902s ]
ERR: 无法加载模块:Statics

[ 2016-06-17T10:36:48+08:00 ] 127.0.0.1 /yiyuanduobao/Indiana/index.php/statics/templates/yungoucms/css/Comm1.css
INFO: [ app_init ] --START--
INFO: Run Behavior\BuildLiteBehavior [ RunTime:0.000040s ]
INFO: [ app_init ] --END-- [ RunTime:0.008120s ]
ERR: 无法加载模块:Statics

[ 2016-06-17T10:36:48+08:00 ] 127.0.0.1 /yiyuanduobao/Indiana/index.php/statics/templates/yungoucms/js/jquery.cookie.js
INFO: [ app_init ] --START--
INFO: Run Behavior\BuildLiteBehavior [ RunTime:0.000014s ]
INFO: [ app_init ] --END-- [ RunTime:0.000399s ]
ERR: 无法加载模块:Statics

[ 2016-06-17T10:36:48+08:00 ] 127.0.0.1 /yiyuanduobao/Indiana/index.php/statics/uploads/shopimg/20160218/27713157762417.jpg
INFO: [ app_init ] --START--
INFO: Run Behavior\BuildLiteBehavior [ RunTime:0.000023s ]
INFO: [ app_init ] --END-- [ RunTime:0.000547s ]
ERR: 无法加载模块:Statics

[ 2016-06-17T10:36:48+08:00 ] 127.0.0.1 /yiyuanduobao/Indiana/index.php/statics/templates/yungoucms/images/gd.png
INFO: [ app_init ] --START--
INFO: Run Behavior\BuildLiteBehavior [ RunTime:0.000028s ]
INFO: [ app_init ] --END-- [ RunTime:0.000815s ]
ERR: 无法加载模块:Statics

[ 2016-06-17T10:36:48+08:00 ] 127.0.0.1 /yiyuanduobao/Indiana/index.php/statics/uploads/shopimg/20150911/88154904942895.png
INFO: [ app_init ] --START--
INFO: Run Behavior\BuildLiteBehavior [ RunTime:0.000023s ]
INFO: [ app_init ] --END-- [ RunTime:0.000537s ]
ERR: 无法加载模块:Statics

[ 2016-06-17T10:36:48+08:00 ] 127.0.0.1 /yiyuanduobao/Indiana/index.php/statics/templates/yungoucms/images/zfb.png
INFO: [ app_init ] --START--
INFO: Run Behavior\BuildLiteBehavior [ RunTime:0.000022s ]
INFO: [ app_init ] --END-- [ RunTime:0.000529s ]
ERR: 无法加载模块:Statics

[ 2016-06-17T10:36:48+08:00 ] 127.0.0.1 /yiyuanduobao/Indiana/index.php/statics/uploads/shopimg/20160315/67308291008525.jpg
INFO: [ app_init ] --START--
INFO: Run Behavior\BuildLiteBehavior [ RunTime:0.000025s ]
INFO: [ app_init ] --END-- [ RunTime:0.000607s ]
ERR: 无法加载模块:Statics

[ 2016-06-17T10:36:48+08:00 ] 127.0.0.1 /yiyuanduobao/Indiana/index.php/statics/uploads/shopimg/20160315/15840707007862.png
INFO: [ app_init ] --START--
INFO: Run Behavior\BuildLiteBehavior [ RunTime:0.000023s ]
INFO: [ app_init ] --END-- [ RunTime:0.000561s ]
ERR: 无法加载模块:Statics

[ 2016-06-17T10:36:48+08:00 ] 127.0.0.1 /yiyuanduobao/Indiana/index.php/statics/templates/yungoucms/images/gswj.png
INFO: [ app_init ] --START--
INFO: Run Behavior\BuildLiteBehavior [ RunTime:0.000032s ]
INFO: [ app_init ] --END-- [ RunTime:0.002085s ]
ERR: 无法加载模块:Statics

[ 2016-06-17T10:36:48+08:00 ] 127.0.0.1 /yiyuanduobao/Indiana/index.php/statics/templates/yungoucms/images/jdzf.png
INFO: [ app_init ] --START--
INFO: Run Behavior\BuildLiteBehavior [ RunTime:0.000025s ]
INFO: [ app_init ] --END-- [ RunTime:0.000573s ]
ERR: 无法加载模块:Statics

[ 2016-06-17T10:36:48+08:00 ] 127.0.0.1 /yiyuanduobao/Indiana/index.php/statics/templates/yungoucms/images/bf.png
INFO: [ app_init ] --START--
INFO: Run Behavior\BuildLiteBehavior [ RunTime:0.000022s ]
INFO: [ app_init ] --END-- [ RunTime:0.000531s ]
ERR: 无法加载模块:Statics

[ 2016-06-17T10:36:48+08:00 ] 127.0.0.1 /yiyuanduobao/Indiana/index.php/statics/templates/yungoucms/images/goods_loading.gif
INFO: [ app_init ] --START--
INFO: Run Behavior\BuildLiteBehavior [ RunTime:0.000019s ]
INFO: [ app_init ] --END-- [ RunTime:0.000511s ]
ERR: 无法加载模块:Statics

[ 2016-06-17T10:36:48+08:00 ] 127.0.0.1 /yiyuanduobao/Indiana/index.php/statics/templates/yungoucms/images/gd.png
INFO: [ app_init ] --START--
INFO: Run Behavior\BuildLiteBehavior [ RunTime:0.000026s ]
INFO: [ app_init ] --END-- [ RunTime:0.000598s ]
ERR: 无法加载模块:Statics

[ 2016-06-17T10:36:48+08:00 ] 127.0.0.1 /yiyuanduobao/Indiana/index.php/statics/templates/yungoucms/images/gswj.png
INFO: [ app_init ] --START--
INFO: Run Behavior\BuildLiteBehavior [ RunTime:0.000210s ]
INFO: [ app_init ] --END-- [ RunTime:0.000891s ]
ERR: 无法加载模块:Statics

[ 2016-06-17T10:36:48+08:00 ] 127.0.0.1 /yiyuanduobao/Indiana/index.php/statics/templates/yungoucms/images/jdzf.png
INFO: [ app_init ] --START--
INFO: Run Behavior\BuildLiteBehavior [ RunTime:0.000024s ]
INFO: [ app_init ] --END-- [ RunTime:0.000555s ]
ERR: 无法加载模块:Statics

[ 2016-06-17T10:36:48+08:00 ] 127.0.0.1 /yiyuanduobao/Indiana/index.php/statics/templates/yungoucms/images/zfb.png
INFO: [ app_init ] --START--
INFO: Run Behavior\BuildLiteBehavior [ RunTime:0.000022s ]
INFO: [ app_init ] --END-- [ RunTime:0.000534s ]
ERR: 无法加载模块:Statics

[ 2016-06-17T10:36:48+08:00 ] 127.0.0.1 /yiyuanduobao/Indiana/index.php/statics/templates/yungoucms/images/bf.png
INFO: [ app_init ] --START--
INFO: Run Behavior\BuildLiteBehavior [ RunTime:0.000022s ]
INFO: [ app_init ] --END-- [ RunTime:0.000543s ]
ERR: 无法加载模块:Statics

[ 2016-06-17T10:36:48+08:00 ] 127.0.0.1 /yiyuanduobao/Indiana/index.php/statics/templates/yungoucms/images/goods_loading.gif
INFO: [ app_init ] --START--
INFO: Run Behavior\BuildLiteBehavior [ RunTime:0.000023s ]
INFO: [ app_init ] --END-- [ RunTime:0.000521s ]
ERR: 无法加载模块:Statics

[ 2016-06-17T10:36:49+08:00 ] 127.0.0.1 /yiyuanduobao/Indiana/index.php/statics/uploads/banner/20150818/57061362890427.jpg
INFO: [ app_init ] --START--
INFO: Run Behavior\BuildLiteBehavior [ RunTime:0.000027s ]
INFO: [ app_init ] --END-- [ RunTime:0.000688s ]
ERR: 无法加载模块:Statics

[ 2016-06-17T10:36:49+08:00 ] 127.0.0.1 /yiyuanduobao/Indiana/index.php/statics/templates/yungoucms/images/bd.png
INFO: [ app_init ] --START--
INFO: Run Behavior\BuildLiteBehavior [ RunTime:0.000032s ]
INFO: [ app_init ] --END-- [ RunTime:0.000718s ]
ERR: 无法加载模块:Statics

[ 2016-06-17T10:43:03+08:00 ] 127.0.0.1 /yiyuanduobao/Indiana/index.php/img.webscan.360.cn/status/pai/hash/38f0026577f967c66c8be6c1fce937f0
INFO: [ app_init ] --START--
INFO: Run Behavior\BuildLiteBehavior [ RunTime:0.000021s ]
INFO: [ app_init ] --END-- [ RunTime:0.000536s ]
ERR: 无法加载模块:Img.webscan.360.cn

[ 2016-06-17T10:43:04+08:00 ] 127.0.0.1 /yiyuanduobao/Indiana/index.php/hm.baidu.com/hm.js-2b4b5b636ef197d0102895dc999c07be
INFO: [ app_init ] --START--
INFO: Run Behavior\BuildLiteBehavior [ RunTime:0.000024s ]
INFO: [ app_init ] --END-- [ RunTime:0.000599s ]
ERR: 无法加载模块:Hm.baidu.com

[ 2016-06-17T10:43:04+08:00 ] 127.0.0.1 /yiyuanduobao/Indiana/index.php/img.webscan.360.cn/status/pai/hash/38f0026577f967c66c8be6c1fce937f0
INFO: [ app_init ] --START--
INFO: Run Behavior\BuildLiteBehavior [ RunTime:0.000017s ]
INFO: [ app_init ] --END-- [ RunTime:0.000397s ]
ERR: 无法加载模块:Img.webscan.360.cn

[ 2016-06-17T10:43:05+08:00 ] 127.0.0.1 /yiyuanduobao/Indiana/index.php/img.webscan.360.cn/status/pai/hash/38f0026577f967c66c8be6c1fce937f0
INFO: [ app_init ] --START--
INFO: Run Behavior\BuildLiteBehavior [ RunTime:0.000024s ]
INFO: [ app_init ] --END-- [ RunTime:0.000629s ]
ERR: 无法加载模块:Img.webscan.360.cn

[ 2016-06-17T10:43:05+08:00 ] 127.0.0.1 /yiyuanduobao/Indiana/index.php/img.webscan.360.cn/status/pai/hash/38f0026577f967c66c8be6c1fce937f0
INFO: [ app_init ] --START--
INFO: Run Behavior\BuildLiteBehavior [ RunTime:0.000022s ]
INFO: [ app_init ] --END-- [ RunTime:0.000545s ]
ERR: 无法加载模块:Img.webscan.360.cn

[ 2016-06-17T10:43:07+08:00 ] 127.0.0.1 /yiyuanduobao/Indiana/index.php/img.webscan.360.cn/status/pai/hash/38f0026577f967c66c8be6c1fce937f0
INFO: [ app_init ] --START--
INFO: Run Behavior\BuildLiteBehavior [ RunTime:0.000018s ]
INFO: [ app_init ] --END-- [ RunTime:0.000571s ]
ERR: 无法加载模块:Img.webscan.360.cn

[ 2016-06-17T10:43:07+08:00 ] 127.0.0.1 /yiyuanduobao/Indiana/index.php/img.webscan.360.cn/status/pai/hash/38f0026577f967c66c8be6c1fce937f0
INFO: [ app_init ] --START--
INFO: Run Behavior\BuildLiteBehavior [ RunTime:0.000105s ]
INFO: [ app_init ] --END-- [ RunTime:0.000864s ]
ERR: 无法加载模块:Img.webscan.360.cn

[ 2016-06-17T10:43:08+08:00 ] 127.0.0.1 /yiyuanduobao/Indiana/index.php/img.webscan.360.cn/status/pai/hash/38f0026577f967c66c8be6c1fce937f0
INFO: [ app_init ] --START--
INFO: Run Behavior\BuildLiteBehavior [ RunTime:0.000027s ]
INFO: [ app_init ] --END-- [ RunTime:0.000620s ]
ERR: 无法加载模块:Img.webscan.360.cn

[ 2016-06-17T10:43:08+08:00 ] 127.0.0.1 /yiyuanduobao/Indiana/index.php/img.webscan.360.cn/status/pai/hash/38f0026577f967c66c8be6c1fce937f0
INFO: [ app_init ] --START--
INFO: Run Behavior\BuildLiteBehavior [ RunTime:0.000016s ]
INFO: [ app_init ] --END-- [ RunTime:0.000424s ]
ERR: 无法加载模块:Img.webscan.360.cn

[ 2016-06-17T10:45:23+08:00 ] 127.0.0.1 /yiyuanduobao/Indiana/index.php/img.webscan.360.cn/status/pai/hash/38f0026577f967c66c8be6c1fce937f0
INFO: [ app_init ] --START--
INFO: Run Behavior\BuildLiteBehavior [ RunTime:0.000023s ]
INFO: [ app_init ] --END-- [ RunTime:0.000604s ]
ERR: 无法加载模块:Img.webscan.360.cn

[ 2016-06-17T10:45:23+08:00 ] 127.0.0.1 /yiyuanduobao/Indiana/index.php/img.webscan.360.cn/status/pai/hash/38f0026577f967c66c8be6c1fce937f0
INFO: [ app_init ] --START--
INFO: Run Behavior\BuildLiteBehavior [ RunTime:0.000023s ]
INFO: [ app_init ] --END-- [ RunTime:0.000583s ]
ERR: 无法加载模块:Img.webscan.360.cn

