[ 2016-06-16T15:52:33+08:00 ] 127.0.0.1 /yiyuanduobao/Indiana/index.php/hm.baidu.com/hm.js-2b4b5b636ef197d0102895dc999c07be
INFO: [ app_init ] --START--
INFO: Run Behavior\BuildLiteBehavior [ RunTime:0.000022s ]
INFO: [ app_init ] --END-- [ RunTime:0.000546s ]
ERR: 无法加载模块:Hm.baidu.com

[ 2016-06-16T15:52:33+08:00 ] 127.0.0.1 /yiyuanduobao/Indiana/index.php/www.google-analytics.com/analytics.js
INFO: [ app_init ] --START--
INFO: Run Behavior\BuildLiteBehavior [ RunTime:0.000035s ]
INFO: [ app_init ] --END-- [ RunTime:0.000558s ]
ERR: 无法加载模块:Www.google-analytics.com

[ 2016-06-16T15:52:34+08:00 ] 127.0.0.1 /yiyuanduobao/Indiana/index.php/img.webscan.360.cn/status/pai/hash/38f0026577f967c66c8be6c1fce937f0
INFO: [ app_init ] --START--
INFO: Run Behavior\BuildLiteBehavior [ RunTime:0.000026s ]
INFO: [ app_init ] --END-- [ RunTime:0.025725s ]
ERR: 无法加载模块:Img.webscan.360.cn

[ 2016-06-16T15:52:34+08:00 ] 127.0.0.1 /yiyuanduobao/Indiana/index.php/hm.baidu.com/hm.js-2b4b5b636ef197d0102895dc999c07be
INFO: [ app_init ] --START--
INFO: Run Behavior\BuildLiteBehavior [ RunTime:0.000022s ]
INFO: [ app_init ] --END-- [ RunTime:0.000524s ]
ERR: 无法加载模块:Hm.baidu.com

[ 2016-06-16T15:52:34+08:00 ] 127.0.0.1 /yiyuanduobao/Indiana/index.php/img.webscan.360.cn/status/pai/hash/38f0026577f967c66c8be6c1fce937f0
INFO: [ app_init ] --START--
INFO: Run Behavior\BuildLiteBehavior [ RunTime:0.000020s ]
INFO: [ app_init ] --END-- [ RunTime:0.000533s ]
ERR: 无法加载模块:Img.webscan.360.cn

[ 2016-06-16T15:52:39+08:00 ] 127.0.0.1 /yiyuanduobao/Indiana/index.php/img.webscan.360.cn/status/pai/hash/38f0026577f967c66c8be6c1fce937f0
INFO: [ app_init ] --START--
INFO: Run Behavior\BuildLiteBehavior [ RunTime:0.000021s ]
INFO: [ app_init ] --END-- [ RunTime:0.000530s ]
ERR: 无法加载模块:Img.webscan.360.cn

[ 2016-06-16T15:52:39+08:00 ] 127.0.0.1 /yiyuanduobao/Indiana/index.php/www.google-analytics.com/analytics.js
INFO: [ app_init ] --START--
INFO: Run Behavior\BuildLiteBehavior [ RunTime:0.000023s ]
INFO: [ app_init ] --END-- [ RunTime:0.000560s ]
ERR: 无法加载模块:Www.google-analytics.com

[ 2016-06-16T15:52:39+08:00 ] 127.0.0.1 /yiyuanduobao/Indiana/index.php/hm.baidu.com/hm.js-2b4b5b636ef197d0102895dc999c07be
INFO: [ app_init ] --START--
INFO: Run Behavior\BuildLiteBehavior [ RunTime:0.000025s ]
INFO: [ app_init ] --END-- [ RunTime:0.000571s ]
ERR: 无法加载模块:Hm.baidu.com

[ 2016-06-16T15:52:39+08:00 ] 127.0.0.1 /yiyuanduobao/Indiana/index.php/hm.baidu.com/hm.js-2b4b5b636ef197d0102895dc999c07be
INFO: [ app_init ] --START--
INFO: Run Behavior\BuildLiteBehavior [ RunTime:0.000021s ]
INFO: [ app_init ] --END-- [ RunTime:0.000524s ]
ERR: 无法加载模块:Hm.baidu.com

[ 2016-06-16T15:52:39+08:00 ] 127.0.0.1 /yiyuanduobao/Indiana/index.php/img.webscan.360.cn/status/pai/hash/38f0026577f967c66c8be6c1fce937f0
INFO: [ app_init ] --START--
INFO: Run Behavior\BuildLiteBehavior [ RunTime:0.000025s ]
INFO: [ app_init ] --END-- [ RunTime:0.000563s ]
ERR: 无法加载模块:Img.webscan.360.cn

[ 2016-06-16T15:55:09+08:00 ] 127.0.0.1 /yiyuanduobao/Indiana/index.php/hm.baidu.com/hm.js-2b4b5b636ef197d0102895dc999c07be
INFO: [ app_init ] --START--
INFO: Run Behavior\BuildLiteBehavior [ RunTime:0.000023s ]
INFO: [ app_init ] --END-- [ RunTime:0.000535s ]
ERR: 无法加载模块:Hm.baidu.com

[ 2016-06-16T15:55:09+08:00 ] 127.0.0.1 /yiyuanduobao/Indiana/index.php/www.google-analytics.com/analytics.js
INFO: [ app_init ] --START--
INFO: Run Behavior\BuildLiteBehavior [ RunTime:0.000026s ]
INFO: [ app_init ] --END-- [ RunTime:0.000564s ]
ERR: 无法加载模块:Www.google-analytics.com

[ 2016-06-16T15:55:10+08:00 ] 127.0.0.1 /yiyuanduobao/Indiana/index.php/img.webscan.360.cn/status/pai/hash/38f0026577f967c66c8be6c1fce937f0
INFO: [ app_init ] --START--
INFO: Run Behavior\BuildLiteBehavior [ RunTime:0.000026s ]
INFO: [ app_init ] --END-- [ RunTime:0.000598s ]
ERR: 无法加载模块:Img.webscan.360.cn

[ 2016-06-16T15:58:35+08:00 ] 127.0.0.1 /yiyuanduobao/Indiana/index.php/hm.baidu.com/hm.js-2b4b5b636ef197d0102895dc999c07be
INFO: [ app_init ] --START--
INFO: Run Behavior\BuildLiteBehavior [ RunTime:0.000026s ]
INFO: [ app_init ] --END-- [ RunTime:0.000645s ]
ERR: 无法加载模块:Hm.baidu.com

[ 2016-06-16T15:58:35+08:00 ] 127.0.0.1 /yiyuanduobao/Indiana/index.php/www.google-analytics.com/analytics.js
INFO: [ app_init ] --START--
INFO: Run Behavior\BuildLiteBehavior [ RunTime:0.000024s ]
INFO: [ app_init ] --END-- [ RunTime:0.000578s ]
ERR: 无法加载模块:Www.google-analytics.com

[ 2016-06-16T16:01:11+08:00 ] 127.0.0.1 /yiyuanduobao/Indiana/index.php/hm.baidu.com/hm.js-2b4b5b636ef197d0102895dc999c07be
INFO: [ app_init ] --START--
INFO: Run Behavior\BuildLiteBehavior [ RunTime:0.000024s ]
INFO: [ app_init ] --END-- [ RunTime:0.000638s ]
ERR: 无法加载模块:Hm.baidu.com

[ 2016-06-16T16:01:11+08:00 ] 127.0.0.1 /yiyuanduobao/Indiana/index.php/www.google-analytics.com/analytics.js
INFO: [ app_init ] --START--
INFO: Run Behavior\BuildLiteBehavior [ RunTime:0.000023s ]
INFO: [ app_init ] --END-- [ RunTime:0.000536s ]
ERR: 无法加载模块:Www.google-analytics.com

[ 2016-06-16T16:01:11+08:00 ] 127.0.0.1 /yiyuanduobao/Indiana/index.php/img.webscan.360.cn/status/pai/hash/38f0026577f967c66c8be6c1fce937f0
INFO: [ app_init ] --START--
INFO: Run Behavior\BuildLiteBehavior [ RunTime:0.000023s ]
INFO: [ app_init ] --END-- [ RunTime:0.000688s ]
ERR: 无法加载模块:Img.webscan.360.cn

[ 2016-06-16T16:01:11+08:00 ] 127.0.0.1 /yiyuanduobao/Indiana/index.php/img.webscan.360.cn/status/pai/hash/38f0026577f967c66c8be6c1fce937f0
INFO: [ app_init ] --START--
INFO: Run Behavior\BuildLiteBehavior [ RunTime:0.000021s ]
INFO: [ app_init ] --END-- [ RunTime:0.000537s ]
ERR: 无法加载模块:Img.webscan.360.cn

[ 2016-06-16T16:02:20+08:00 ] 127.0.0.1 /yiyuanduobao/Indiana/index.php/hm.baidu.com/hm.js-2b4b5b636ef197d0102895dc999c07be
INFO: [ app_init ] --START--
INFO: Run Behavior\BuildLiteBehavior [ RunTime:0.000023s ]
INFO: [ app_init ] --END-- [ RunTime:0.000527s ]
ERR: 无法加载模块:Hm.baidu.com

[ 2016-06-16T16:02:20+08:00 ] 127.0.0.1 /yiyuanduobao/Indiana/index.php/www.google-analytics.com/analytics.js
INFO: [ app_init ] --START--
INFO: Run Behavior\BuildLiteBehavior [ RunTime:0.000025s ]
INFO: [ app_init ] --END-- [ RunTime:0.000725s ]
ERR: 无法加载模块:Www.google-analytics.com

[ 2016-06-16T16:02:20+08:00 ] 127.0.0.1 /yiyuanduobao/Indiana/index.php/img.webscan.360.cn/status/pai/hash/38f0026577f967c66c8be6c1fce937f0
INFO: [ app_init ] --START--
INFO: Run Behavior\BuildLiteBehavior [ RunTime:0.000027s ]
INFO: [ app_init ] --END-- [ RunTime:0.000604s ]
ERR: 无法加载模块:Img.webscan.360.cn

[ 2016-06-16T16:02:21+08:00 ] 127.0.0.1 /yiyuanduobao/Indiana/index.php/img.webscan.360.cn/status/pai/hash/38f0026577f967c66c8be6c1fce937f0
INFO: [ app_init ] --START--
INFO: Run Behavior\BuildLiteBehavior [ RunTime:0.000025s ]
INFO: [ app_init ] --END-- [ RunTime:0.000577s ]
ERR: 无法加载模块:Img.webscan.360.cn

[ 2016-06-16T16:02:24+08:00 ] 127.0.0.1 /yiyuanduobao/Indiana/index.php/img.webscan.360.cn/status/pai/hash/38f0026577f967c66c8be6c1fce937f0
INFO: [ app_init ] --START--
INFO: Run Behavior\BuildLiteBehavior [ RunTime:0.000024s ]
INFO: [ app_init ] --END-- [ RunTime:0.000712s ]
ERR: 无法加载模块:Img.webscan.360.cn

[ 2016-06-16T16:02:24+08:00 ] 127.0.0.1 /yiyuanduobao/Indiana/index.php/hm.baidu.com/hm.js-2b4b5b636ef197d0102895dc999c07be
INFO: [ app_init ] --START--
INFO: Run Behavior\BuildLiteBehavior [ RunTime:0.000022s ]
INFO: [ app_init ] --END-- [ RunTime:0.000564s ]
ERR: 无法加载模块:Hm.baidu.com

[ 2016-06-16T16:02:24+08:00 ] 127.0.0.1 /yiyuanduobao/Indiana/index.php/www.google-analytics.com/analytics.js
INFO: [ app_init ] --START--
INFO: Run Behavior\BuildLiteBehavior [ RunTime:0.000056s ]
INFO: [ app_init ] --END-- [ RunTime:0.019754s ]
ERR: 无法加载模块:Www.google-analytics.com

[ 2016-06-16T16:02:24+08:00 ] 127.0.0.1 /yiyuanduobao/Indiana/index.php/hm.baidu.com/hm.js-2b4b5b636ef197d0102895dc999c07be
INFO: [ app_init ] --START--
INFO: Run Behavior\BuildLiteBehavior [ RunTime:0.000023s ]
INFO: [ app_init ] --END-- [ RunTime:0.000994s ]
ERR: 无法加载模块:Hm.baidu.com

[ 2016-06-16T16:02:24+08:00 ] 127.0.0.1 /yiyuanduobao/Indiana/index.php/img.webscan.360.cn/status/pai/hash/38f0026577f967c66c8be6c1fce937f0
INFO: [ app_init ] --START--
INFO: Run Behavior\BuildLiteBehavior [ RunTime:0.000025s ]
INFO: [ app_init ] --END-- [ RunTime:0.000570s ]
ERR: 无法加载模块:Img.webscan.360.cn

[ 2016-06-16T16:08:31+08:00 ] 127.0.0.1 /yiyuanduobao/Indiana/index.php/img.webscan.360.cn/status/pai/hash/38f0026577f967c66c8be6c1fce937f0
INFO: [ app_init ] --START--
INFO: Run Behavior\BuildLiteBehavior [ RunTime:0.000025s ]
INFO: [ app_init ] --END-- [ RunTime:0.000569s ]
ERR: 无法加载模块:Img.webscan.360.cn

[ 2016-06-16T16:08:31+08:00 ] 127.0.0.1 /yiyuanduobao/Indiana/index.php/hm.baidu.com/hm.js-2b4b5b636ef197d0102895dc999c07be
INFO: [ app_init ] --START--
INFO: Run Behavior\BuildLiteBehavior [ RunTime:0.000024s ]
INFO: [ app_init ] --END-- [ RunTime:0.000634s ]
ERR: 无法加载模块:Hm.baidu.com

[ 2016-06-16T16:08:31+08:00 ] 127.0.0.1 /yiyuanduobao/Indiana/index.php/www.google-analytics.com/analytics.js
INFO: [ app_init ] --START--
INFO: Run Behavior\BuildLiteBehavior [ RunTime:0.000027s ]
INFO: [ app_init ] --END-- [ RunTime:0.000563s ]
ERR: 无法加载模块:Www.google-analytics.com

[ 2016-06-16T16:08:31+08:00 ] 127.0.0.1 /yiyuanduobao/Indiana/index.php/hm.baidu.com/hm.js-2b4b5b636ef197d0102895dc999c07be
INFO: [ app_init ] --START--
INFO: Run Behavior\BuildLiteBehavior [ RunTime:0.000025s ]
INFO: [ app_init ] --END-- [ RunTime:0.000586s ]
ERR: 无法加载模块:Hm.baidu.com

[ 2016-06-16T16:08:31+08:00 ] 127.0.0.1 /yiyuanduobao/Indiana/index.php/img.webscan.360.cn/status/pai/hash/38f0026577f967c66c8be6c1fce937f0
INFO: [ app_init ] --START--
INFO: Run Behavior\BuildLiteBehavior [ RunTime:0.000023s ]
INFO: [ app_init ] --END-- [ RunTime:0.000552s ]
ERR: 无法加载模块:Img.webscan.360.cn

[ 2016-06-16T16:16:32+08:00 ] 127.0.0.1 /yiyuanduobao/Indiana/index.php/img.webscan.360.cn/status/pai/hash/38f0026577f967c66c8be6c1fce937f0
INFO: [ app_init ] --START--
INFO: Run Behavior\BuildLiteBehavior [ RunTime:0.000029s ]
INFO: [ app_init ] --END-- [ RunTime:0.000709s ]
ERR: 无法加载模块:Img.webscan.360.cn

[ 2016-06-16T16:16:32+08:00 ] 127.0.0.1 /yiyuanduobao/Indiana/index.php/www.google-analytics.com/analytics.js
INFO: [ app_init ] --START--
INFO: Run Behavior\BuildLiteBehavior [ RunTime:0.000030s ]
INFO: [ app_init ] --END-- [ RunTime:0.000627s ]
ERR: 无法加载模块:Www.google-analytics.com

[ 2016-06-16T16:16:32+08:00 ] 127.0.0.1 /yiyuanduobao/Indiana/index.php/hm.baidu.com/hm.js-2b4b5b636ef197d0102895dc999c07be
INFO: [ app_init ] --START--
INFO: Run Behavior\BuildLiteBehavior [ RunTime:0.000022s ]
INFO: [ app_init ] --END-- [ RunTime:0.000555s ]
ERR: 无法加载模块:Hm.baidu.com

[ 2016-06-16T16:16:32+08:00 ] 127.0.0.1 /yiyuanduobao/Indiana/index.php/hm.baidu.com/hm.js-2b4b5b636ef197d0102895dc999c07be
INFO: [ app_init ] --START--
INFO: Run Behavior\BuildLiteBehavior [ RunTime:0.000028s ]
INFO: [ app_init ] --END-- [ RunTime:0.001160s ]
ERR: 无法加载模块:Hm.baidu.com

[ 2016-06-16T16:16:32+08:00 ] 127.0.0.1 /yiyuanduobao/Indiana/index.php/img.webscan.360.cn/status/pai/hash/38f0026577f967c66c8be6c1fce937f0
INFO: [ app_init ] --START--
INFO: Run Behavior\BuildLiteBehavior [ RunTime:0.000025s ]
INFO: [ app_init ] --END-- [ RunTime:0.000565s ]
ERR: 无法加载模块:Img.webscan.360.cn

[ 2016-06-16T16:18:29+08:00 ] 127.0.0.1 /yiyuanduobao/Indiana/index.php/img.webscan.360.cn/status/pai/hash/38f0026577f967c66c8be6c1fce937f0
INFO: [ app_init ] --START--
INFO: Run Behavior\BuildLiteBehavior [ RunTime:0.000029s ]
INFO: [ app_init ] --END-- [ RunTime:0.000709s ]
ERR: 无法加载模块:Img.webscan.360.cn

[ 2016-06-16T16:18:29+08:00 ] 127.0.0.1 /yiyuanduobao/Indiana/index.php/hm.baidu.com/hm.js-2b4b5b636ef197d0102895dc999c07be
INFO: [ app_init ] --START--
INFO: Run Behavior\BuildLiteBehavior [ RunTime:0.000024s ]
INFO: [ app_init ] --END-- [ RunTime:0.000574s ]
ERR: 无法加载模块:Hm.baidu.com

[ 2016-06-16T16:18:29+08:00 ] 127.0.0.1 /yiyuanduobao/Indiana/index.php/www.google-analytics.com/analytics.js
INFO: [ app_init ] --START--
INFO: Run Behavior\BuildLiteBehavior [ RunTime:0.000024s ]
INFO: [ app_init ] --END-- [ RunTime:0.000581s ]
ERR: 无法加载模块:Www.google-analytics.com

[ 2016-06-16T16:18:29+08:00 ] 127.0.0.1 /yiyuanduobao/Indiana/index.php/hm.baidu.com/hm.js-2b4b5b636ef197d0102895dc999c07be
INFO: [ app_init ] --START--
INFO: Run Behavior\BuildLiteBehavior [ RunTime:0.000020s ]
INFO: [ app_init ] --END-- [ RunTime:0.000505s ]
ERR: 无法加载模块:Hm.baidu.com

[ 2016-06-16T16:18:29+08:00 ] 127.0.0.1 /yiyuanduobao/Indiana/index.php/img.webscan.360.cn/status/pai/hash/38f0026577f967c66c8be6c1fce937f0
INFO: [ app_init ] --START--
INFO: Run Behavior\BuildLiteBehavior [ RunTime:0.000025s ]
INFO: [ app_init ] --END-- [ RunTime:0.000554s ]
ERR: 无法加载模块:Img.webscan.360.cn

[ 2016-06-16T16:26:40+08:00 ] 127.0.0.1 /yiyuanduobao/Indiana/index.php/img.webscan.360.cn/status/pai/hash/38f0026577f967c66c8be6c1fce937f0
INFO: [ app_init ] --START--
INFO: Run Behavior\BuildLiteBehavior [ RunTime:0.000026s ]
INFO: [ app_init ] --END-- [ RunTime:0.000475s ]
ERR: 无法加载模块:Img.webscan.360.cn

[ 2016-06-16T16:26:40+08:00 ] 127.0.0.1 /yiyuanduobao/Indiana/index.php/hm.baidu.com/hm.js-2b4b5b636ef197d0102895dc999c07be
INFO: [ app_init ] --START--
INFO: Run Behavior\BuildLiteBehavior [ RunTime:0.000015s ]
INFO: [ app_init ] --END-- [ RunTime:0.000378s ]
ERR: 无法加载模块:Hm.baidu.com

[ 2016-06-16T16:26:40+08:00 ] 127.0.0.1 /yiyuanduobao/Indiana/index.php/hm.baidu.com/hm.js-2b4b5b636ef197d0102895dc999c07be
INFO: [ app_init ] --START--
INFO: Run Behavior\BuildLiteBehavior [ RunTime:0.000022s ]
INFO: [ app_init ] --END-- [ RunTime:0.000554s ]
ERR: 无法加载模块:Hm.baidu.com

[ 2016-06-16T16:26:40+08:00 ] 127.0.0.1 /yiyuanduobao/Indiana/index.php/img.webscan.360.cn/status/pai/hash/38f0026577f967c66c8be6c1fce937f0
INFO: [ app_init ] --START--
INFO: Run Behavior\BuildLiteBehavior [ RunTime:0.000018s ]
INFO: [ app_init ] --END-- [ RunTime:0.000679s ]
ERR: 无法加载模块:Img.webscan.360.cn

[ 2016-06-16T16:26:41+08:00 ] 127.0.0.1 /yiyuanduobao/Indiana/index.php/www.google-analytics.com/analytics.js
INFO: [ app_init ] --START--
INFO: Run Behavior\BuildLiteBehavior [ RunTime:0.000031s ]
INFO: [ app_init ] --END-- [ RunTime:0.000668s ]
ERR: 无法加载模块:Www.google-analytics.com

[ 2016-06-16T16:26:45+08:00 ] 127.0.0.1 /yiyuanduobao/Indiana/index.php/hm.baidu.com/hm.js-2b4b5b636ef197d0102895dc999c07be
INFO: [ app_init ] --START--
INFO: Run Behavior\BuildLiteBehavior [ RunTime:0.000023s ]
INFO: [ app_init ] --END-- [ RunTime:0.000543s ]
ERR: 无法加载模块:Hm.baidu.com

[ 2016-06-16T16:26:45+08:00 ] 127.0.0.1 /yiyuanduobao/Indiana/index.php/www.google-analytics.com/analytics.js
INFO: [ app_init ] --START--
INFO: Run Behavior\BuildLiteBehavior [ RunTime:0.000025s ]
INFO: [ app_init ] --END-- [ RunTime:0.000591s ]
ERR: 无法加载模块:Www.google-analytics.com

[ 2016-06-16T16:26:45+08:00 ] 127.0.0.1 /yiyuanduobao/Indiana/index.php/img.webscan.360.cn/status/pai/hash/38f0026577f967c66c8be6c1fce937f0
INFO: [ app_init ] --START--
INFO: Run Behavior\BuildLiteBehavior [ RunTime:0.000023s ]
INFO: [ app_init ] --END-- [ RunTime:0.000537s ]
ERR: 无法加载模块:Img.webscan.360.cn

[ 2016-06-16T16:26:45+08:00 ] 127.0.0.1 /yiyuanduobao/Indiana/index.php/img.webscan.360.cn/status/pai/hash/38f0026577f967c66c8be6c1fce937f0
INFO: [ app_init ] --START--
INFO: Run Behavior\BuildLiteBehavior [ RunTime:0.000021s ]
INFO: [ app_init ] --END-- [ RunTime:0.000552s ]
ERR: 无法加载模块:Img.webscan.360.cn

[ 2016-06-16T16:26:47+08:00 ] 127.0.0.1 /yiyuanduobao/Indiana/index.php/img.webscan.360.cn/status/pai/hash/38f0026577f967c66c8be6c1fce937f0
INFO: [ app_init ] --START--
INFO: Run Behavior\BuildLiteBehavior [ RunTime:0.000028s ]
INFO: [ app_init ] --END-- [ RunTime:0.000656s ]
ERR: 无法加载模块:Img.webscan.360.cn

[ 2016-06-16T16:26:47+08:00 ] 127.0.0.1 /yiyuanduobao/Indiana/index.php/img.webscan.360.cn/status/pai/hash/38f0026577f967c66c8be6c1fce937f0
INFO: [ app_init ] --START--
INFO: Run Behavior\BuildLiteBehavior [ RunTime:0.000027s ]
INFO: [ app_init ] --END-- [ RunTime:0.000640s ]
ERR: 无法加载模块:Img.webscan.360.cn

[ 2016-06-16T16:26:48+08:00 ] 127.0.0.1 /yiyuanduobao/Indiana/index.php/img.webscan.360.cn/status/pai/hash/38f0026577f967c66c8be6c1fce937f0
INFO: [ app_init ] --START--
INFO: Run Behavior\BuildLiteBehavior [ RunTime:0.000022s ]
INFO: [ app_init ] --END-- [ RunTime:0.000599s ]
ERR: 无法加载模块:Img.webscan.360.cn

[ 2016-06-16T16:26:48+08:00 ] 127.0.0.1 /yiyuanduobao/Indiana/index.php/hm.baidu.com/hm.js-2b4b5b636ef197d0102895dc999c07be
INFO: [ app_init ] --START--
INFO: Run Behavior\BuildLiteBehavior [ RunTime:0.000022s ]
INFO: [ app_init ] --END-- [ RunTime:0.000560s ]
ERR: 无法加载模块:Hm.baidu.com

[ 2016-06-16T16:26:48+08:00 ] 127.0.0.1 /yiyuanduobao/Indiana/index.php/www.google-analytics.com/analytics.js
INFO: [ app_init ] --START--
INFO: Run Behavior\BuildLiteBehavior [ RunTime:0.000022s ]
INFO: [ app_init ] --END-- [ RunTime:0.000568s ]
ERR: 无法加载模块:Www.google-analytics.com

[ 2016-06-16T16:26:48+08:00 ] 127.0.0.1 /yiyuanduobao/Indiana/index.php/hm.baidu.com/hm.js-2b4b5b636ef197d0102895dc999c07be
INFO: [ app_init ] --START--
INFO: Run Behavior\BuildLiteBehavior [ RunTime:0.000016s ]
INFO: [ app_init ] --END-- [ RunTime:0.000429s ]
ERR: 无法加载模块:Hm.baidu.com

[ 2016-06-16T16:26:48+08:00 ] 127.0.0.1 /yiyuanduobao/Indiana/index.php/img.webscan.360.cn/status/pai/hash/38f0026577f967c66c8be6c1fce937f0
INFO: [ app_init ] --START--
INFO: Run Behavior\BuildLiteBehavior [ RunTime:0.000021s ]
INFO: [ app_init ] --END-- [ RunTime:0.000540s ]
ERR: 无法加载模块:Img.webscan.360.cn

[ 2016-06-16T20:45:42+08:00 ] 127.0.0.1 /yiyuanduobao/Indiana/index.php/index
INFO: [ app_init ] --START--
INFO: Run Behavior\BuildLiteBehavior [ RunTime:0.000022s ]
INFO: [ app_init ] --END-- [ RunTime:0.000674s ]
ERR: 无法加载模块:Index

[ 2016-06-16T20:45:52+08:00 ] 127.0.0.1 /yiyuanduobao/Indiana/index.php/hm.baidu.com/hm.js-2b4b5b636ef197d0102895dc999c07be
INFO: [ app_init ] --START--
INFO: Run Behavior\BuildLiteBehavior [ RunTime:0.000021s ]
INFO: [ app_init ] --END-- [ RunTime:0.000562s ]
ERR: 无法加载模块:Hm.baidu.com

[ 2016-06-16T20:45:52+08:00 ] 127.0.0.1 /yiyuanduobao/Indiana/index.php/img.webscan.360.cn/status/pai/hash/38f0026577f967c66c8be6c1fce937f0
INFO: [ app_init ] --START--
INFO: Run Behavior\BuildLiteBehavior [ RunTime:0.000026s ]
INFO: [ app_init ] --END-- [ RunTime:0.000640s ]
ERR: 无法加载模块:Img.webscan.360.cn

[ 2016-06-16T20:45:57+08:00 ] 127.0.0.1 /yiyuanduobao/Indiana/index.php/img.webscan.360.cn/status/pai/hash/38f0026577f967c66c8be6c1fce937f0
INFO: [ app_init ] --START--
INFO: Run Behavior\BuildLiteBehavior [ RunTime:0.000015s ]
INFO: [ app_init ] --END-- [ RunTime:0.000399s ]
ERR: 无法加载模块:Img.webscan.360.cn

[ 2016-06-16T20:48:47+08:00 ] 127.0.0.1 /yiyuanduobao/Indiana/index.php/img.webscan.360.cn/status/pai/hash/38f0026577f967c66c8be6c1fce937f0
INFO: [ app_init ] --START--
INFO: Run Behavior\BuildLiteBehavior [ RunTime:0.000021s ]
INFO: [ app_init ] --END-- [ RunTime:0.000536s ]
ERR: 无法加载模块:Img.webscan.360.cn

[ 2016-06-16T20:48:47+08:00 ] 127.0.0.1 /yiyuanduobao/Indiana/index.php/img.webscan.360.cn/status/pai/hash/38f0026577f967c66c8be6c1fce937f0
INFO: [ app_init ] --START--
INFO: Run Behavior\BuildLiteBehavior [ RunTime:0.000026s ]
INFO: [ app_init ] --END-- [ RunTime:0.001479s ]
ERR: 无法加载模块:Img.webscan.360.cn

[ 2016-06-16T21:08:01+08:00 ] 127.0.0.1 /yiyuanduobao/Indiana/index.php/img.webscan.360.cn/status/pai/hash/38f0026577f967c66c8be6c1fce937f0
INFO: [ app_init ] --START--
INFO: Run Behavior\BuildLiteBehavior [ RunTime:0.000016s ]
INFO: [ app_init ] --END-- [ RunTime:0.000400s ]
ERR: 无法加载模块:Img.webscan.360.cn

[ 2016-06-16T21:08:01+08:00 ] 127.0.0.1 /yiyuanduobao/Indiana/index.php/img.webscan.360.cn/status/pai/hash/38f0026577f967c66c8be6c1fce937f0
INFO: [ app_init ] --START--
INFO: Run Behavior\BuildLiteBehavior [ RunTime:0.000030s ]
INFO: [ app_init ] --END-- [ RunTime:0.000639s ]
ERR: 无法加载模块:Img.webscan.360.cn

[ 2016-06-16T21:08:47+08:00 ] 127.0.0.1 /yiyuanduobao/Indiana/index.php/img.webscan.360.cn/status/pai/hash/38f0026577f967c66c8be6c1fce937f0
INFO: [ app_init ] --START--
INFO: Run Behavior\BuildLiteBehavior [ RunTime:0.000019s ]
INFO: [ app_init ] --END-- [ RunTime:0.000519s ]
ERR: 无法加载模块:Img.webscan.360.cn

[ 2016-06-16T21:08:47+08:00 ] 127.0.0.1 /yiyuanduobao/Indiana/index.php/img.webscan.360.cn/status/pai/hash/38f0026577f967c66c8be6c1fce937f0
INFO: [ app_init ] --START--
INFO: Run Behavior\BuildLiteBehavior [ RunTime:0.000029s ]
INFO: [ app_init ] --END-- [ RunTime:0.000705s ]
ERR: 无法加载模块:Img.webscan.360.cn

