[ 2016-06-20T20:17:40+08:00 ] 127.0.0.1 /xiangmu/Indiana/index.htm/api/getshoptest/lottery_shop_json/1466425059983?gid=
INFO: [ app_init ] --START--
INFO: Run Behavior\BuildLiteBehavior [ RunTime:0.000016s ]
INFO: [ app_init ] --END-- [ RunTime:0.000446s ]
ERR: 无法加载模块:Index.htm

[ 2016-06-20T20:17:48+08:00 ] 127.0.0.1 /xiangmu/Indiana/index.htm/api/getshoptest/lottery_shop_json/1466425067983?gid=
INFO: [ app_init ] --START--
INFO: Run Behavior\BuildLiteBehavior [ RunTime:0.000017s ]
INFO: [ app_init ] --END-- [ RunTime:0.000447s ]
ERR: 无法加载模块:Index.htm

[ 2016-06-20T20:17:56+08:00 ] 127.0.0.1 /xiangmu/Indiana/index.htm/api/getshoptest/lottery_shop_json/1466425075984?gid=
INFO: [ app_init ] --START--
INFO: Run Behavior\BuildLiteBehavior [ RunTime:0.000019s ]
INFO: [ app_init ] --END-- [ RunTime:0.000562s ]
ERR: 无法加载模块:Index.htm

[ 2016-06-20T20:18:04+08:00 ] 127.0.0.1 /xiangmu/Indiana/index.htm/api/getshoptest/lottery_shop_json/1466425083985?gid=
INFO: [ app_init ] --START--
INFO: Run Behavior\BuildLiteBehavior [ RunTime:0.000017s ]
INFO: [ app_init ] --END-- [ RunTime:0.000574s ]
ERR: 无法加载模块:Index.htm

[ 2016-06-20T20:18:12+08:00 ] 127.0.0.1 /xiangmu/Indiana/index.htm/api/getshoptest/lottery_shop_json/1466425091987?gid=
INFO: [ app_init ] --START--
INFO: Run Behavior\BuildLiteBehavior [ RunTime:0.000033s ]
INFO: [ app_init ] --END-- [ RunTime:0.000944s ]
ERR: 无法加载模块:Index.htm

[ 2016-06-20T20:18:20+08:00 ] 127.0.0.1 /xiangmu/Indiana/index.htm/api/getshoptest/lottery_shop_json/1466425099994?gid=
INFO: [ app_init ] --START--
INFO: Run Behavior\BuildLiteBehavior [ RunTime:0.000019s ]
INFO: [ app_init ] --END-- [ RunTime:0.000480s ]
ERR: 无法加载模块:Index.htm

[ 2016-06-20T20:18:28+08:00 ] 127.0.0.1 /xiangmu/Indiana/index.htm/api/getshoptest/lottery_shop_json/1466425107995?gid=
INFO: [ app_init ] --START--
INFO: Run Behavior\BuildLiteBehavior [ RunTime:0.000019s ]
INFO: [ app_init ] --END-- [ RunTime:0.000441s ]
ERR: 无法加载模块:Index.htm

[ 2016-06-20T20:18:36+08:00 ] 127.0.0.1 /xiangmu/Indiana/index.htm/api/getshoptest/lottery_shop_json/1466425116001?gid=
INFO: [ app_init ] --START--
INFO: Run Behavior\BuildLiteBehavior [ RunTime:0.000069s ]
INFO: [ app_init ] --END-- [ RunTime:0.000885s ]
ERR: 无法加载模块:Index.htm

[ 2016-06-20T20:18:44+08:00 ] 127.0.0.1 /xiangmu/Indiana/index.htm/api/getshoptest/lottery_shop_json/1466425124001?gid=
INFO: [ app_init ] --START--
INFO: Run Behavior\BuildLiteBehavior [ RunTime:0.000015s ]
INFO: [ app_init ] --END-- [ RunTime:0.000493s ]
ERR: 无法加载模块:Index.htm

[ 2016-06-20T20:18:52+08:00 ] 127.0.0.1 /xiangmu/Indiana/index.htm/api/getshoptest/lottery_shop_json/1466425132010?gid=
INFO: [ app_init ] --START--
INFO: Run Behavior\BuildLiteBehavior [ RunTime:0.000018s ]
INFO: [ app_init ] --END-- [ RunTime:0.000534s ]
ERR: 无法加载模块:Index.htm

[ 2016-06-20T20:19:00+08:00 ] 127.0.0.1 /xiangmu/Indiana/index.htm/api/getshoptest/lottery_shop_json/1466425140019?gid=
INFO: [ app_init ] --START--
INFO: Run Behavior\BuildLiteBehavior [ RunTime:0.000028s ]
INFO: [ app_init ] --END-- [ RunTime:0.000570s ]
ERR: 无法加载模块:Index.htm

[ 2016-06-20T20:19:08+08:00 ] 127.0.0.1 /xiangmu/Indiana/index.htm/api/getshoptest/lottery_shop_json/1466425148020?gid=
INFO: [ app_init ] --START--
INFO: Run Behavior\BuildLiteBehavior [ RunTime:0.000017s ]
INFO: [ app_init ] --END-- [ RunTime:0.000593s ]
ERR: 无法加载模块:Index.htm

[ 2016-06-20T20:19:16+08:00 ] 127.0.0.1 /xiangmu/Indiana/index.htm/api/getshoptest/lottery_shop_json/1466425156033?gid=
INFO: [ app_init ] --START--
INFO: Run Behavior\BuildLiteBehavior [ RunTime:0.000016s ]
INFO: [ app_init ] --END-- [ RunTime:0.000533s ]
ERR: 无法加载模块:Index.htm

[ 2016-06-20T20:19:24+08:00 ] 127.0.0.1 /xiangmu/Indiana/index.htm/api/getshoptest/lottery_shop_json/1466425164034?gid=
INFO: [ app_init ] --START--
INFO: Run Behavior\BuildLiteBehavior [ RunTime:0.000015s ]
INFO: [ app_init ] --END-- [ RunTime:0.000495s ]
ERR: 无法加载模块:Index.htm

[ 2016-06-20T20:19:32+08:00 ] 127.0.0.1 /xiangmu/Indiana/index.htm/api/getshoptest/lottery_shop_json/1466425172047?gid=
INFO: [ app_init ] --START--
INFO: Run Behavior\BuildLiteBehavior [ RunTime:0.000016s ]
INFO: [ app_init ] --END-- [ RunTime:0.000509s ]
ERR: 无法加载模块:Index.htm

[ 2016-06-20T20:19:40+08:00 ] 127.0.0.1 /xiangmu/Indiana/index.htm/api/getshoptest/lottery_shop_json/1466425180061?gid=
INFO: [ app_init ] --START--
INFO: Run Behavior\BuildLiteBehavior [ RunTime:0.000016s ]
INFO: [ app_init ] --END-- [ RunTime:0.000515s ]
ERR: 无法加载模块:Index.htm

[ 2016-06-20T20:19:48+08:00 ] 127.0.0.1 /xiangmu/Indiana/index.htm/api/getshoptest/lottery_shop_json/1466425188061?gid=
INFO: [ app_init ] --START--
INFO: Run Behavior\BuildLiteBehavior [ RunTime:0.000032s ]
INFO: [ app_init ] --END-- [ RunTime:0.000716s ]
ERR: 无法加载模块:Index.htm

[ 2016-06-20T20:19:56+08:00 ] 127.0.0.1 /xiangmu/Indiana/index.htm/api/getshoptest/lottery_shop_json/1466425196078?gid=
INFO: [ app_init ] --START--
INFO: Run Behavior\BuildLiteBehavior [ RunTime:0.000018s ]
INFO: [ app_init ] --END-- [ RunTime:0.000503s ]
ERR: 无法加载模块:Index.htm

[ 2016-06-20T20:20:04+08:00 ] 127.0.0.1 /xiangmu/Indiana/index.htm/api/getshoptest/lottery_shop_json/1466425204094?gid=
INFO: [ app_init ] --START--
INFO: Run Behavior\BuildLiteBehavior [ RunTime:0.000016s ]
INFO: [ app_init ] --END-- [ RunTime:0.000541s ]
ERR: 无法加载模块:Index.htm

[ 2016-06-20T20:20:12+08:00 ] 127.0.0.1 /xiangmu/Indiana/index.htm/api/getshoptest/lottery_shop_json/1466425212108?gid=
INFO: [ app_init ] --START--
INFO: Run Behavior\BuildLiteBehavior [ RunTime:0.000030s ]
INFO: [ app_init ] --END-- [ RunTime:0.000736s ]
ERR: 无法加载模块:Index.htm

[ 2016-06-20T20:20:20+08:00 ] 127.0.0.1 /xiangmu/Indiana/index.htm/api/getshoptest/lottery_shop_json/1466425220121?gid=
INFO: [ app_init ] --START--
INFO: Run Behavior\BuildLiteBehavior [ RunTime:0.000018s ]
INFO: [ app_init ] --END-- [ RunTime:0.000464s ]
ERR: 无法加载模块:Index.htm

[ 2016-06-20T20:20:28+08:00 ] 127.0.0.1 /xiangmu/Indiana/index.htm/api/getshoptest/lottery_shop_json/1466425228128?gid=
INFO: [ app_init ] --START--
INFO: Run Behavior\BuildLiteBehavior [ RunTime:0.000017s ]
INFO: [ app_init ] --END-- [ RunTime:0.000512s ]
ERR: 无法加载模块:Index.htm

[ 2016-06-20T20:20:36+08:00 ] 127.0.0.1 /xiangmu/Indiana/index.htm/api/getshoptest/lottery_shop_json/1466425236139?gid=
INFO: [ app_init ] --START--
INFO: Run Behavior\BuildLiteBehavior [ RunTime:0.000016s ]
INFO: [ app_init ] --END-- [ RunTime:0.000488s ]
ERR: 无法加载模块:Index.htm

[ 2016-06-20T20:20:44+08:00 ] 127.0.0.1 /xiangmu/Indiana/index.htm/api/getshoptest/lottery_shop_json/1466425244147?gid=
INFO: [ app_init ] --START--
INFO: Run Behavior\BuildLiteBehavior [ RunTime:0.000016s ]
INFO: [ app_init ] --END-- [ RunTime:0.000490s ]
ERR: 无法加载模块:Index.htm

[ 2016-06-20T20:20:52+08:00 ] 127.0.0.1 /xiangmu/Indiana/index.htm/api/getshoptest/lottery_shop_json/1466425252148?gid=
INFO: [ app_init ] --START--
INFO: Run Behavior\BuildLiteBehavior [ RunTime:0.000016s ]
INFO: [ app_init ] --END-- [ RunTime:0.000517s ]
ERR: 无法加载模块:Index.htm

[ 2016-06-20T20:21:00+08:00 ] 127.0.0.1 /xiangmu/Indiana/index.htm/api/getshoptest/lottery_shop_json/1466425260151?gid=
INFO: [ app_init ] --START--
INFO: Run Behavior\BuildLiteBehavior [ RunTime:0.000016s ]
INFO: [ app_init ] --END-- [ RunTime:0.000501s ]
ERR: 无法加载模块:Index.htm

[ 2016-06-20T20:21:08+08:00 ] 127.0.0.1 /xiangmu/Indiana/index.htm/api/getshoptest/lottery_shop_json/1466425268159?gid=
INFO: [ app_init ] --START--
INFO: Run Behavior\BuildLiteBehavior [ RunTime:0.000018s ]
INFO: [ app_init ] --END-- [ RunTime:0.000609s ]
ERR: 无法加载模块:Index.htm

[ 2016-06-20T20:21:16+08:00 ] 127.0.0.1 /xiangmu/Indiana/index.htm/api/getshoptest/lottery_shop_json/1466425276174?gid=
INFO: [ app_init ] --START--
INFO: Run Behavior\BuildLiteBehavior [ RunTime:0.000017s ]
INFO: [ app_init ] --END-- [ RunTime:0.000505s ]
ERR: 无法加载模块:Index.htm

[ 2016-06-20T20:21:24+08:00 ] 127.0.0.1 /xiangmu/Indiana/index.htm/api/getshoptest/lottery_shop_json/1466425284180?gid=
INFO: [ app_init ] --START--
INFO: Run Behavior\BuildLiteBehavior [ RunTime:0.000017s ]
INFO: [ app_init ] --END-- [ RunTime:0.000527s ]
ERR: 无法加载模块:Index.htm

[ 2016-06-20T20:21:32+08:00 ] 127.0.0.1 /xiangmu/Indiana/index.htm/api/getshoptest/lottery_shop_json/1466425292188?gid=
INFO: [ app_init ] --START--
INFO: Run Behavior\BuildLiteBehavior [ RunTime:0.000016s ]
INFO: [ app_init ] --END-- [ RunTime:0.000504s ]
ERR: 无法加载模块:Index.htm

[ 2016-06-20T20:21:40+08:00 ] 127.0.0.1 /xiangmu/Indiana/index.htm/api/getshoptest/lottery_shop_json/1466425300189?gid=
INFO: [ app_init ] --START--
INFO: Run Behavior\BuildLiteBehavior [ RunTime:0.000015s ]
INFO: [ app_init ] --END-- [ RunTime:0.000519s ]
ERR: 无法加载模块:Index.htm

[ 2016-06-20T20:21:48+08:00 ] 127.0.0.1 /xiangmu/Indiana/index.htm/api/getshoptest/lottery_shop_json/1466425308193?gid=
INFO: [ app_init ] --START--
INFO: Run Behavior\BuildLiteBehavior [ RunTime:0.000017s ]
INFO: [ app_init ] --END-- [ RunTime:0.000584s ]
ERR: 无法加载模块:Index.htm

[ 2016-06-20T20:21:56+08:00 ] 127.0.0.1 /xiangmu/Indiana/index.htm/api/getshoptest/lottery_shop_json/1466425316202?gid=
INFO: [ app_init ] --START--
INFO: Run Behavior\BuildLiteBehavior [ RunTime:0.000016s ]
INFO: [ app_init ] --END-- [ RunTime:0.000494s ]
ERR: 无法加载模块:Index.htm

[ 2016-06-20T20:22:04+08:00 ] 127.0.0.1 /xiangmu/Indiana/index.htm/api/getshoptest/lottery_shop_json/1466425324208?gid=
INFO: [ app_init ] --START--
INFO: Run Behavior\BuildLiteBehavior [ RunTime:0.000019s ]
INFO: [ app_init ] --END-- [ RunTime:0.000572s ]
ERR: 无法加载模块:Index.htm

[ 2016-06-20T20:22:12+08:00 ] 127.0.0.1 /xiangmu/Indiana/index.htm/api/getshoptest/lottery_shop_json/1466425332217?gid=
INFO: [ app_init ] --START--
INFO: Run Behavior\BuildLiteBehavior [ RunTime:0.000018s ]
INFO: [ app_init ] --END-- [ RunTime:0.000533s ]
ERR: 无法加载模块:Index.htm

[ 2016-06-20T20:22:20+08:00 ] 127.0.0.1 /xiangmu/Indiana/index.htm/api/getshoptest/lottery_shop_json/1466425340217?gid=
INFO: [ app_init ] --START--
INFO: Run Behavior\BuildLiteBehavior [ RunTime:0.000015s ]
INFO: [ app_init ] --END-- [ RunTime:0.000503s ]
ERR: 无法加载模块:Index.htm

[ 2016-06-20T20:22:28+08:00 ] 127.0.0.1 /xiangmu/Indiana/index.htm/api/getshoptest/lottery_shop_json/1466425348222?gid=
INFO: [ app_init ] --START--
INFO: Run Behavior\BuildLiteBehavior [ RunTime:0.000019s ]
INFO: [ app_init ] --END-- [ RunTime:0.000520s ]
ERR: 无法加载模块:Index.htm

[ 2016-06-20T20:22:36+08:00 ] 127.0.0.1 /xiangmu/Indiana/index.htm/api/getshoptest/lottery_shop_json/1466425356229?gid=
INFO: [ app_init ] --START--
INFO: Run Behavior\BuildLiteBehavior [ RunTime:0.000017s ]
INFO: [ app_init ] --END-- [ RunTime:0.000509s ]
ERR: 无法加载模块:Index.htm

[ 2016-06-20T20:22:44+08:00 ] 127.0.0.1 /xiangmu/Indiana/index.htm/api/getshoptest/lottery_shop_json/1466425364234?gid=
INFO: [ app_init ] --START--
INFO: Run Behavior\BuildLiteBehavior [ RunTime:0.000016s ]
INFO: [ app_init ] --END-- [ RunTime:0.000533s ]
ERR: 无法加载模块:Index.htm

[ 2016-06-20T20:22:52+08:00 ] 127.0.0.1 /xiangmu/Indiana/index.htm/api/getshoptest/lottery_shop_json/1466425372242?gid=
INFO: [ app_init ] --START--
INFO: Run Behavior\BuildLiteBehavior [ RunTime:0.000017s ]
INFO: [ app_init ] --END-- [ RunTime:0.000561s ]
ERR: 无法加载模块:Index.htm

[ 2016-06-20T20:23:00+08:00 ] 127.0.0.1 /xiangmu/Indiana/index.htm/api/getshoptest/lottery_shop_json/1466425380254?gid=
INFO: [ app_init ] --START--
INFO: Run Behavior\BuildLiteBehavior [ RunTime:0.000015s ]
INFO: [ app_init ] --END-- [ RunTime:0.000528s ]
ERR: 无法加载模块:Index.htm

[ 2016-06-20T20:23:08+08:00 ] 127.0.0.1 /xiangmu/Indiana/index.htm/api/getshoptest/lottery_shop_json/1466425388260?gid=
INFO: [ app_init ] --START--
INFO: Run Behavior\BuildLiteBehavior [ RunTime:0.000016s ]
INFO: [ app_init ] --END-- [ RunTime:0.000547s ]
ERR: 无法加载模块:Index.htm

[ 2016-06-20T20:23:16+08:00 ] 127.0.0.1 /xiangmu/Indiana/index.htm/api/getshoptest/lottery_shop_json/1466425396275?gid=
INFO: [ app_init ] --START--
INFO: Run Behavior\BuildLiteBehavior [ RunTime:0.000018s ]
INFO: [ app_init ] --END-- [ RunTime:0.000575s ]
ERR: 无法加载模块:Index.htm

[ 2016-06-20T20:23:24+08:00 ] 127.0.0.1 /xiangmu/Indiana/index.htm/api/getshoptest/lottery_shop_json/1466425404280?gid=
INFO: [ app_init ] --START--
INFO: Run Behavior\BuildLiteBehavior [ RunTime:0.000039s ]
INFO: [ app_init ] --END-- [ RunTime:0.000842s ]
ERR: 无法加载模块:Index.htm

[ 2016-06-20T20:23:32+08:00 ] 127.0.0.1 /xiangmu/Indiana/index.htm/api/getshoptest/lottery_shop_json/1466425412284?gid=
INFO: [ app_init ] --START--
INFO: Run Behavior\BuildLiteBehavior [ RunTime:0.000016s ]
INFO: [ app_init ] --END-- [ RunTime:0.000611s ]
ERR: 无法加载模块:Index.htm

[ 2016-06-20T20:23:40+08:00 ] 127.0.0.1 /xiangmu/Indiana/index.htm/api/getshoptest/lottery_shop_json/1466425420292?gid=
INFO: [ app_init ] --START--
INFO: Run Behavior\BuildLiteBehavior [ RunTime:0.000017s ]
INFO: [ app_init ] --END-- [ RunTime:0.000641s ]
ERR: 无法加载模块:Index.htm

[ 2016-06-20T20:23:48+08:00 ] 127.0.0.1 /xiangmu/Indiana/index.htm/api/getshoptest/lottery_shop_json/1466425428307?gid=
INFO: [ app_init ] --START--
INFO: Run Behavior\BuildLiteBehavior [ RunTime:0.000018s ]
INFO: [ app_init ] --END-- [ RunTime:0.000475s ]
ERR: 无法加载模块:Index.htm

[ 2016-06-20T20:23:56+08:00 ] 127.0.0.1 /xiangmu/Indiana/index.htm/api/getshoptest/lottery_shop_json/1466425436308?gid=
INFO: [ app_init ] --START--
INFO: Run Behavior\BuildLiteBehavior [ RunTime:0.000019s ]
INFO: [ app_init ] --END-- [ RunTime:0.000778s ]
ERR: 无法加载模块:Index.htm

[ 2016-06-20T20:24:04+08:00 ] 127.0.0.1 /xiangmu/Indiana/index.htm/api/getshoptest/lottery_shop_json/1466425444310?gid=
INFO: [ app_init ] --START--
INFO: Run Behavior\BuildLiteBehavior [ RunTime:0.000016s ]
INFO: [ app_init ] --END-- [ RunTime:0.000567s ]
ERR: 无法加载模块:Index.htm

[ 2016-06-20T20:24:12+08:00 ] 127.0.0.1 /xiangmu/Indiana/index.htm/api/getshoptest/lottery_shop_json/1466425452311?gid=
INFO: [ app_init ] --START--
INFO: Run Behavior\BuildLiteBehavior [ RunTime:0.000027s ]
INFO: [ app_init ] --END-- [ RunTime:0.000617s ]
ERR: 无法加载模块:Index.htm

[ 2016-06-20T20:24:20+08:00 ] 127.0.0.1 /xiangmu/Indiana/index.htm/api/getshoptest/lottery_shop_json/1466425460312?gid=
INFO: [ app_init ] --START--
INFO: Run Behavior\BuildLiteBehavior [ RunTime:0.000036s ]
INFO: [ app_init ] --END-- [ RunTime:0.000842s ]
ERR: 无法加载模块:Index.htm

[ 2016-06-20T20:24:28+08:00 ] 127.0.0.1 /xiangmu/Indiana/index.htm/api/getshoptest/lottery_shop_json/1466425468317?gid=
INFO: [ app_init ] --START--
INFO: Run Behavior\BuildLiteBehavior [ RunTime:0.000017s ]
INFO: [ app_init ] --END-- [ RunTime:0.000562s ]
ERR: 无法加载模块:Index.htm

[ 2016-06-20T20:24:36+08:00 ] 127.0.0.1 /xiangmu/Indiana/index.htm/api/getshoptest/lottery_shop_json/1466425476319?gid=
INFO: [ app_init ] --START--
INFO: Run Behavior\BuildLiteBehavior [ RunTime:0.000018s ]
INFO: [ app_init ] --END-- [ RunTime:0.000564s ]
ERR: 无法加载模块:Index.htm

[ 2016-06-20T20:24:44+08:00 ] 127.0.0.1 /xiangmu/Indiana/index.htm/api/getshoptest/lottery_shop_json/1466425484331?gid=
INFO: [ app_init ] --START--
INFO: Run Behavior\BuildLiteBehavior [ RunTime:0.000018s ]
INFO: [ app_init ] --END-- [ RunTime:0.000500s ]
ERR: 无法加载模块:Index.htm

[ 2016-06-20T20:24:52+08:00 ] 127.0.0.1 /xiangmu/Indiana/index.htm/api/getshoptest/lottery_shop_json/1466425492336?gid=
INFO: [ app_init ] --START--
INFO: Run Behavior\BuildLiteBehavior [ RunTime:0.000016s ]
INFO: [ app_init ] --END-- [ RunTime:0.000526s ]
ERR: 无法加载模块:Index.htm

[ 2016-06-20T20:25:00+08:00 ] 127.0.0.1 /xiangmu/Indiana/index.htm/api/getshoptest/lottery_shop_json/1466425500347?gid=
INFO: [ app_init ] --START--
INFO: Run Behavior\BuildLiteBehavior [ RunTime:0.000016s ]
INFO: [ app_init ] --END-- [ RunTime:0.000515s ]
ERR: 无法加载模块:Index.htm

[ 2016-06-20T20:25:08+08:00 ] 127.0.0.1 /xiangmu/Indiana/index.htm/api/getshoptest/lottery_shop_json/1466425508347?gid=
INFO: [ app_init ] --START--
INFO: Run Behavior\BuildLiteBehavior [ RunTime:0.000015s ]
INFO: [ app_init ] --END-- [ RunTime:0.000538s ]
ERR: 无法加载模块:Index.htm

[ 2016-06-20T20:25:16+08:00 ] 127.0.0.1 /xiangmu/Indiana/index.htm/api/getshoptest/lottery_shop_json/1466425516348?gid=
INFO: [ app_init ] --START--
INFO: Run Behavior\BuildLiteBehavior [ RunTime:0.000016s ]
INFO: [ app_init ] --END-- [ RunTime:0.000580s ]
ERR: 无法加载模块:Index.htm

[ 2016-06-20T20:25:24+08:00 ] 127.0.0.1 /xiangmu/Indiana/index.htm/api/getshoptest/lottery_shop_json/1466425524349?gid=
INFO: [ app_init ] --START--
INFO: Run Behavior\BuildLiteBehavior [ RunTime:0.000018s ]
INFO: [ app_init ] --END-- [ RunTime:0.000588s ]
ERR: 无法加载模块:Index.htm

[ 2016-06-20T20:25:32+08:00 ] 127.0.0.1 /xiangmu/Indiana/index.htm/api/getshoptest/lottery_shop_json/1466425532349?gid=
INFO: [ app_init ] --START--
INFO: Run Behavior\BuildLiteBehavior [ RunTime:0.000035s ]
INFO: [ app_init ] --END-- [ RunTime:0.000768s ]
ERR: 无法加载模块:Index.htm

[ 2016-06-20T20:25:40+08:00 ] 127.0.0.1 /xiangmu/Indiana/index.htm/api/getshoptest/lottery_shop_json/1466425540350?gid=
INFO: [ app_init ] --START--
INFO: Run Behavior\BuildLiteBehavior [ RunTime:0.000017s ]
INFO: [ app_init ] --END-- [ RunTime:0.000534s ]
ERR: 无法加载模块:Index.htm

[ 2016-06-20T20:25:48+08:00 ] 127.0.0.1 /xiangmu/Indiana/index.htm/api/getshoptest/lottery_shop_json/1466425548351?gid=
INFO: [ app_init ] --START--
INFO: Run Behavior\BuildLiteBehavior [ RunTime:0.000016s ]
INFO: [ app_init ] --END-- [ RunTime:0.000596s ]
ERR: 无法加载模块:Index.htm

[ 2016-06-20T20:25:56+08:00 ] 127.0.0.1 /xiangmu/Indiana/index.htm/api/getshoptest/lottery_shop_json/1466425556374?gid=
INFO: [ app_init ] --START--
INFO: Run Behavior\BuildLiteBehavior [ RunTime:0.000017s ]
INFO: [ app_init ] --END-- [ RunTime:0.000485s ]
ERR: 无法加载模块:Index.htm

[ 2016-06-20T20:26:04+08:00 ] 127.0.0.1 /xiangmu/Indiana/index.htm/api/getshoptest/lottery_shop_json/1466425564374?gid=
INFO: [ app_init ] --START--
INFO: Run Behavior\BuildLiteBehavior [ RunTime:0.000018s ]
INFO: [ app_init ] --END-- [ RunTime:0.000541s ]
ERR: 无法加载模块:Index.htm

[ 2016-06-20T20:26:12+08:00 ] 127.0.0.1 /xiangmu/Indiana/index.htm/api/getshoptest/lottery_shop_json/1466425572374?gid=
INFO: [ app_init ] --START--
INFO: Run Behavior\BuildLiteBehavior [ RunTime:0.000016s ]
INFO: [ app_init ] --END-- [ RunTime:0.000553s ]
ERR: 无法加载模块:Index.htm

[ 2016-06-20T20:26:20+08:00 ] 127.0.0.1 /xiangmu/Indiana/index.htm/api/getshoptest/lottery_shop_json/1466425580375?gid=
INFO: [ app_init ] --START--
INFO: Run Behavior\BuildLiteBehavior [ RunTime:0.000016s ]
INFO: [ app_init ] --END-- [ RunTime:0.000526s ]
ERR: 无法加载模块:Index.htm

[ 2016-06-20T20:26:28+08:00 ] 127.0.0.1 /xiangmu/Indiana/index.htm/api/getshoptest/lottery_shop_json/1466425588375?gid=
INFO: [ app_init ] --START--
INFO: Run Behavior\BuildLiteBehavior [ RunTime:0.000016s ]
INFO: [ app_init ] --END-- [ RunTime:0.000497s ]
ERR: 无法加载模块:Index.htm

[ 2016-06-20T20:26:36+08:00 ] 127.0.0.1 /xiangmu/Indiana/index.htm/api/getshoptest/lottery_shop_json/1466425596388?gid=
INFO: [ app_init ] --START--
INFO: Run Behavior\BuildLiteBehavior [ RunTime:0.000016s ]
INFO: [ app_init ] --END-- [ RunTime:0.000584s ]
ERR: 无法加载模块:Index.htm

[ 2016-06-20T20:26:44+08:00 ] 127.0.0.1 /xiangmu/Indiana/index.htm/api/getshoptest/lottery_shop_json/1466425604388?gid=
INFO: [ app_init ] --START--
INFO: Run Behavior\BuildLiteBehavior [ RunTime:0.000020s ]
INFO: [ app_init ] --END-- [ RunTime:0.000560s ]
ERR: 无法加载模块:Index.htm

[ 2016-06-20T20:26:52+08:00 ] 127.0.0.1 /xiangmu/Indiana/index.htm/api/getshoptest/lottery_shop_json/1466425612391?gid=
INFO: [ app_init ] --START--
INFO: Run Behavior\BuildLiteBehavior [ RunTime:0.000016s ]
INFO: [ app_init ] --END-- [ RunTime:0.000498s ]
ERR: 无法加载模块:Index.htm

[ 2016-06-20T20:27:00+08:00 ] 127.0.0.1 /xiangmu/Indiana/index.htm/api/getshoptest/lottery_shop_json/1466425620394?gid=
INFO: [ app_init ] --START--
INFO: Run Behavior\BuildLiteBehavior [ RunTime:0.000016s ]
INFO: [ app_init ] --END-- [ RunTime:0.000516s ]
ERR: 无法加载模块:Index.htm

[ 2016-06-20T20:27:08+08:00 ] 127.0.0.1 /xiangmu/Indiana/index.htm/api/getshoptest/lottery_shop_json/1466425628395?gid=
INFO: [ app_init ] --START--
INFO: Run Behavior\BuildLiteBehavior [ RunTime:0.000020s ]
INFO: [ app_init ] --END-- [ RunTime:0.000492s ]
ERR: 无法加载模块:Index.htm

[ 2016-06-20T20:27:16+08:00 ] 127.0.0.1 /xiangmu/Indiana/index.htm/api/getshoptest/lottery_shop_json/1466425636398?gid=
INFO: [ app_init ] --START--
INFO: Run Behavior\BuildLiteBehavior [ RunTime:0.000016s ]
INFO: [ app_init ] --END-- [ RunTime:0.000544s ]
ERR: 无法加载模块:Index.htm

[ 2016-06-20T20:27:24+08:00 ] 127.0.0.1 /xiangmu/Indiana/index.htm/api/getshoptest/lottery_shop_json/1466425644401?gid=
INFO: [ app_init ] --START--
INFO: Run Behavior\BuildLiteBehavior [ RunTime:0.000019s ]
INFO: [ app_init ] --END-- [ RunTime:0.000447s ]
ERR: 无法加载模块:Index.htm

[ 2016-06-20T20:27:32+08:00 ] 127.0.0.1 /xiangmu/Indiana/index.htm/api/getshoptest/lottery_shop_json/1466425652402?gid=
INFO: [ app_init ] --START--
INFO: Run Behavior\BuildLiteBehavior [ RunTime:0.000018s ]
INFO: [ app_init ] --END-- [ RunTime:0.000476s ]
ERR: 无法加载模块:Index.htm

[ 2016-06-20T20:27:40+08:00 ] 127.0.0.1 /xiangmu/Indiana/index.htm/api/getshoptest/lottery_shop_json/1466425660409?gid=
INFO: [ app_init ] --START--
INFO: Run Behavior\BuildLiteBehavior [ RunTime:0.000017s ]
INFO: [ app_init ] --END-- [ RunTime:0.000594s ]
ERR: 无法加载模块:Index.htm

[ 2016-06-20T20:27:48+08:00 ] 127.0.0.1 /xiangmu/Indiana/index.htm/api/getshoptest/lottery_shop_json/1466425668410?gid=
INFO: [ app_init ] --START--
INFO: Run Behavior\BuildLiteBehavior [ RunTime:0.000016s ]
INFO: [ app_init ] --END-- [ RunTime:0.000469s ]
ERR: 无法加载模块:Index.htm

[ 2016-06-20T20:27:56+08:00 ] 127.0.0.1 /xiangmu/Indiana/index.htm/api/getshoptest/lottery_shop_json/1466425676424?gid=
INFO: [ app_init ] --START--
INFO: Run Behavior\BuildLiteBehavior [ RunTime:0.000017s ]
INFO: [ app_init ] --END-- [ RunTime:0.000506s ]
ERR: 无法加载模块:Index.htm

[ 2016-06-20T20:28:04+08:00 ] 127.0.0.1 /xiangmu/Indiana/index.htm/api/getshoptest/lottery_shop_json/1466425684429?gid=
INFO: [ app_init ] --START--
INFO: Run Behavior\BuildLiteBehavior [ RunTime:0.000018s ]
INFO: [ app_init ] --END-- [ RunTime:0.000569s ]
ERR: 无法加载模块:Index.htm

[ 2016-06-20T20:28:12+08:00 ] 127.0.0.1 /xiangmu/Indiana/index.htm/api/getshoptest/lottery_shop_json/1466425692431?gid=
INFO: [ app_init ] --START--
INFO: Run Behavior\BuildLiteBehavior [ RunTime:0.000016s ]
INFO: [ app_init ] --END-- [ RunTime:0.000541s ]
ERR: 无法加载模块:Index.htm

[ 2016-06-20T20:28:20+08:00 ] 127.0.0.1 /xiangmu/Indiana/index.htm/api/getshoptest/lottery_shop_json/1466425700432?gid=
INFO: [ app_init ] --START--
INFO: Run Behavior\BuildLiteBehavior [ RunTime:0.000025s ]
INFO: [ app_init ] --END-- [ RunTime:0.000762s ]
ERR: 无法加载模块:Index.htm

[ 2016-06-20T20:28:28+08:00 ] 127.0.0.1 /xiangmu/Indiana/index.htm/api/getshoptest/lottery_shop_json/1466425708445?gid=
INFO: [ app_init ] --START--
INFO: Run Behavior\BuildLiteBehavior [ RunTime:0.000016s ]
INFO: [ app_init ] --END-- [ RunTime:0.000500s ]
ERR: 无法加载模块:Index.htm

[ 2016-06-20T20:28:36+08:00 ] 127.0.0.1 /xiangmu/Indiana/index.htm/api/getshoptest/lottery_shop_json/1466425716446?gid=
INFO: [ app_init ] --START--
INFO: Run Behavior\BuildLiteBehavior [ RunTime:0.000015s ]
INFO: [ app_init ] --END-- [ RunTime:0.000568s ]
ERR: 无法加载模块:Index.htm

[ 2016-06-20T20:28:44+08:00 ] 127.0.0.1 /xiangmu/Indiana/index.htm/api/getshoptest/lottery_shop_json/1466425724462?gid=
INFO: [ app_init ] --START--
INFO: Run Behavior\BuildLiteBehavior [ RunTime:0.000016s ]
INFO: [ app_init ] --END-- [ RunTime:0.000544s ]
ERR: 无法加载模块:Index.htm

[ 2016-06-20T20:28:52+08:00 ] 127.0.0.1 /xiangmu/Indiana/index.htm/api/getshoptest/lottery_shop_json/1466425732475?gid=
INFO: [ app_init ] --START--
INFO: Run Behavior\BuildLiteBehavior [ RunTime:0.000017s ]
INFO: [ app_init ] --END-- [ RunTime:0.000492s ]
ERR: 无法加载模块:Index.htm

[ 2016-06-20T20:29:00+08:00 ] 127.0.0.1 /xiangmu/Indiana/index.htm/api/getshoptest/lottery_shop_json/1466425740479?gid=
INFO: [ app_init ] --START--
INFO: Run Behavior\BuildLiteBehavior [ RunTime:0.000017s ]
INFO: [ app_init ] --END-- [ RunTime:0.000520s ]
ERR: 无法加载模块:Index.htm

[ 2016-06-20T20:29:08+08:00 ] 127.0.0.1 /xiangmu/Indiana/index.htm/api/getshoptest/lottery_shop_json/1466425748480?gid=
INFO: [ app_init ] --START--
INFO: Run Behavior\BuildLiteBehavior [ RunTime:0.000015s ]
INFO: [ app_init ] --END-- [ RunTime:0.000502s ]
ERR: 无法加载模块:Index.htm

[ 2016-06-20T20:29:16+08:00 ] 127.0.0.1 /xiangmu/Indiana/index.htm/api/getshoptest/lottery_shop_json/1466425756485?gid=
INFO: [ app_init ] --START--
INFO: Run Behavior\BuildLiteBehavior [ RunTime:0.000017s ]
INFO: [ app_init ] --END-- [ RunTime:0.000547s ]
ERR: 无法加载模块:Index.htm

[ 2016-06-20T20:29:24+08:00 ] 127.0.0.1 /xiangmu/Indiana/index.htm/api/getshoptest/lottery_shop_json/1466425764500?gid=
INFO: [ app_init ] --START--
INFO: Run Behavior\BuildLiteBehavior [ RunTime:0.000017s ]
INFO: [ app_init ] --END-- [ RunTime:0.000445s ]
ERR: 无法加载模块:Index.htm

[ 2016-06-20T20:29:32+08:00 ] 127.0.0.1 /xiangmu/Indiana/index.htm/api/getshoptest/lottery_shop_json/1466425772510?gid=
INFO: [ app_init ] --START--
INFO: Run Behavior\BuildLiteBehavior [ RunTime:0.000018s ]
INFO: [ app_init ] --END-- [ RunTime:0.000512s ]
ERR: 无法加载模块:Index.htm

[ 2016-06-20T20:29:40+08:00 ] 127.0.0.1 /xiangmu/Indiana/index.htm/api/getshoptest/lottery_shop_json/1466425780525?gid=
INFO: [ app_init ] --START--
INFO: Run Behavior\BuildLiteBehavior [ RunTime:0.000016s ]
INFO: [ app_init ] --END-- [ RunTime:0.000530s ]
ERR: 无法加载模块:Index.htm

[ 2016-06-20T20:29:48+08:00 ] 127.0.0.1 /xiangmu/Indiana/index.htm/api/getshoptest/lottery_shop_json/1466425788526?gid=
INFO: [ app_init ] --START--
INFO: Run Behavior\BuildLiteBehavior [ RunTime:0.000016s ]
INFO: [ app_init ] --END-- [ RunTime:0.000501s ]
ERR: 无法加载模块:Index.htm

[ 2016-06-20T20:29:56+08:00 ] 127.0.0.1 /xiangmu/Indiana/index.htm/api/getshoptest/lottery_shop_json/1466425796534?gid=
INFO: [ app_init ] --START--
INFO: Run Behavior\BuildLiteBehavior [ RunTime:0.000017s ]
INFO: [ app_init ] --END-- [ RunTime:0.000513s ]
ERR: 无法加载模块:Index.htm

[ 2016-06-20T20:30:04+08:00 ] 127.0.0.1 /xiangmu/Indiana/index.htm/api/getshoptest/lottery_shop_json/1466425804539?gid=
INFO: [ app_init ] --START--
INFO: Run Behavior\BuildLiteBehavior [ RunTime:0.000016s ]
INFO: [ app_init ] --END-- [ RunTime:0.000516s ]
ERR: 无法加载模块:Index.htm

[ 2016-06-20T20:30:12+08:00 ] 127.0.0.1 /xiangmu/Indiana/index.htm/api/getshoptest/lottery_shop_json/1466425812550?gid=
INFO: [ app_init ] --START--
INFO: Run Behavior\BuildLiteBehavior [ RunTime:0.000015s ]
INFO: [ app_init ] --END-- [ RunTime:0.000511s ]
ERR: 无法加载模块:Index.htm

[ 2016-06-20T20:30:20+08:00 ] 127.0.0.1 /xiangmu/Indiana/index.htm/api/getshoptest/lottery_shop_json/1466425820560?gid=
INFO: [ app_init ] --START--
INFO: Run Behavior\BuildLiteBehavior [ RunTime:0.000018s ]
INFO: [ app_init ] --END-- [ RunTime:0.000564s ]
ERR: 无法加载模块:Index.htm

[ 2016-06-20T20:30:28+08:00 ] 127.0.0.1 /xiangmu/Indiana/index.htm/api/getshoptest/lottery_shop_json/1466425828569?gid=
INFO: [ app_init ] --START--
INFO: Run Behavior\BuildLiteBehavior [ RunTime:0.000017s ]
INFO: [ app_init ] --END-- [ RunTime:0.000527s ]
ERR: 无法加载模块:Index.htm

[ 2016-06-20T20:30:36+08:00 ] 127.0.0.1 /xiangmu/Indiana/index.htm/api/getshoptest/lottery_shop_json/1466425836577?gid=
INFO: [ app_init ] --START--
INFO: Run Behavior\BuildLiteBehavior [ RunTime:0.000016s ]
INFO: [ app_init ] --END-- [ RunTime:0.000500s ]
ERR: 无法加载模块:Index.htm

[ 2016-06-20T20:30:44+08:00 ] 127.0.0.1 /xiangmu/Indiana/index.htm/api/getshoptest/lottery_shop_json/1466425844585?gid=
INFO: [ app_init ] --START--
INFO: Run Behavior\BuildLiteBehavior [ RunTime:0.000017s ]
INFO: [ app_init ] --END-- [ RunTime:0.000504s ]
ERR: 无法加载模块:Index.htm

[ 2016-06-20T20:30:52+08:00 ] 127.0.0.1 /xiangmu/Indiana/index.htm/api/getshoptest/lottery_shop_json/1466425852594?gid=
INFO: [ app_init ] --START--
INFO: Run Behavior\BuildLiteBehavior [ RunTime:0.000017s ]
INFO: [ app_init ] --END-- [ RunTime:0.000522s ]
ERR: 无法加载模块:Index.htm

[ 2016-06-20T20:31:00+08:00 ] 127.0.0.1 /xiangmu/Indiana/index.htm/api/getshoptest/lottery_shop_json/1466425860608?gid=
INFO: [ app_init ] --START--
INFO: Run Behavior\BuildLiteBehavior [ RunTime:0.000016s ]
INFO: [ app_init ] --END-- [ RunTime:0.000511s ]
ERR: 无法加载模块:Index.htm

[ 2016-06-20T20:31:08+08:00 ] 127.0.0.1 /xiangmu/Indiana/index.htm/api/getshoptest/lottery_shop_json/1466425868622?gid=
INFO: [ app_init ] --START--
INFO: Run Behavior\BuildLiteBehavior [ RunTime:0.000017s ]
INFO: [ app_init ] --END-- [ RunTime:0.000516s ]
ERR: 无法加载模块:Index.htm

[ 2016-06-20T20:31:16+08:00 ] 127.0.0.1 /xiangmu/Indiana/index.htm/api/getshoptest/lottery_shop_json/1466425876634?gid=
INFO: [ app_init ] --START--
INFO: Run Behavior\BuildLiteBehavior [ RunTime:0.000017s ]
INFO: [ app_init ] --END-- [ RunTime:0.000504s ]
ERR: 无法加载模块:Index.htm

[ 2016-06-20T20:31:24+08:00 ] 127.0.0.1 /xiangmu/Indiana/index.htm/api/getshoptest/lottery_shop_json/1466425884636?gid=
INFO: [ app_init ] --START--
INFO: Run Behavior\BuildLiteBehavior [ RunTime:0.000017s ]
INFO: [ app_init ] --END-- [ RunTime:0.000518s ]
ERR: 无法加载模块:Index.htm

[ 2016-06-20T20:31:32+08:00 ] 127.0.0.1 /xiangmu/Indiana/index.htm/api/getshoptest/lottery_shop_json/1466425892648?gid=
INFO: [ app_init ] --START--
INFO: Run Behavior\BuildLiteBehavior [ RunTime:0.000016s ]
INFO: [ app_init ] --END-- [ RunTime:0.000521s ]
ERR: 无法加载模块:Index.htm

[ 2016-06-20T20:31:40+08:00 ] 127.0.0.1 /xiangmu/Indiana/index.htm/api/getshoptest/lottery_shop_json/1466425900649?gid=
INFO: [ app_init ] --START--
INFO: Run Behavior\BuildLiteBehavior [ RunTime:0.000017s ]
INFO: [ app_init ] --END-- [ RunTime:0.000528s ]
ERR: 无法加载模块:Index.htm

[ 2016-06-20T20:31:48+08:00 ] 127.0.0.1 /xiangmu/Indiana/index.htm/api/getshoptest/lottery_shop_json/1466425908651?gid=
INFO: [ app_init ] --START--
INFO: Run Behavior\BuildLiteBehavior [ RunTime:0.000016s ]
INFO: [ app_init ] --END-- [ RunTime:0.000544s ]
ERR: 无法加载模块:Index.htm

[ 2016-06-20T20:31:56+08:00 ] 127.0.0.1 /xiangmu/Indiana/index.htm/api/getshoptest/lottery_shop_json/1466425916657?gid=
INFO: [ app_init ] --START--
INFO: Run Behavior\BuildLiteBehavior [ RunTime:0.000025s ]
INFO: [ app_init ] --END-- [ RunTime:0.000654s ]
ERR: 无法加载模块:Index.htm

[ 2016-06-20T20:32:04+08:00 ] 127.0.0.1 /xiangmu/Indiana/index.htm/api/getshoptest/lottery_shop_json/1466425924666?gid=
INFO: [ app_init ] --START--
INFO: Run Behavior\BuildLiteBehavior [ RunTime:0.000016s ]
INFO: [ app_init ] --END-- [ RunTime:0.000532s ]
ERR: 无法加载模块:Index.htm

[ 2016-06-20T20:32:12+08:00 ] 127.0.0.1 /xiangmu/Indiana/index.htm/api/getshoptest/lottery_shop_json/1466425932667?gid=
INFO: [ app_init ] --START--
INFO: Run Behavior\BuildLiteBehavior [ RunTime:0.000016s ]
INFO: [ app_init ] --END-- [ RunTime:0.000472s ]
ERR: 无法加载模块:Index.htm

[ 2016-06-20T20:32:20+08:00 ] 127.0.0.1 /xiangmu/Indiana/index.htm/api/getshoptest/lottery_shop_json/1466425940678?gid=
INFO: [ app_init ] --START--
INFO: Run Behavior\BuildLiteBehavior [ RunTime:0.000016s ]
INFO: [ app_init ] --END-- [ RunTime:0.000537s ]
ERR: 无法加载模块:Index.htm

[ 2016-06-20T20:32:28+08:00 ] 127.0.0.1 /xiangmu/Indiana/index.htm/api/getshoptest/lottery_shop_json/1466425948690?gid=
INFO: [ app_init ] --START--
INFO: Run Behavior\BuildLiteBehavior [ RunTime:0.000017s ]
INFO: [ app_init ] --END-- [ RunTime:0.000459s ]
ERR: 无法加载模块:Index.htm

[ 2016-06-20T20:32:36+08:00 ] 127.0.0.1 /xiangmu/Indiana/index.htm/api/getshoptest/lottery_shop_json/1466425956702?gid=
INFO: [ app_init ] --START--
INFO: Run Behavior\BuildLiteBehavior [ RunTime:0.000018s ]
INFO: [ app_init ] --END-- [ RunTime:0.000494s ]
ERR: 无法加载模块:Index.htm

[ 2016-06-20T20:32:44+08:00 ] 127.0.0.1 /xiangmu/Indiana/index.htm/api/getshoptest/lottery_shop_json/1466425964705?gid=
INFO: [ app_init ] --START--
INFO: Run Behavior\BuildLiteBehavior [ RunTime:0.000016s ]
INFO: [ app_init ] --END-- [ RunTime:0.000531s ]
ERR: 无法加载模块:Index.htm

[ 2016-06-20T20:32:52+08:00 ] 127.0.0.1 /xiangmu/Indiana/index.htm/api/getshoptest/lottery_shop_json/1466425972720?gid=
INFO: [ app_init ] --START--
INFO: Run Behavior\BuildLiteBehavior [ RunTime:0.000016s ]
INFO: [ app_init ] --END-- [ RunTime:0.000542s ]
ERR: 无法加载模块:Index.htm

[ 2016-06-20T20:33:00+08:00 ] 127.0.0.1 /xiangmu/Indiana/index.htm/api/getshoptest/lottery_shop_json/1466425980734?gid=
INFO: [ app_init ] --START--
INFO: Run Behavior\BuildLiteBehavior [ RunTime:0.000018s ]
INFO: [ app_init ] --END-- [ RunTime:0.000497s ]
ERR: 无法加载模块:Index.htm

[ 2016-06-20T20:33:08+08:00 ] 127.0.0.1 /xiangmu/Indiana/index.htm/api/getshoptest/lottery_shop_json/1466425988740?gid=
INFO: [ app_init ] --START--
INFO: Run Behavior\BuildLiteBehavior [ RunTime:0.000020s ]
INFO: [ app_init ] --END-- [ RunTime:0.000577s ]
ERR: 无法加载模块:Index.htm

[ 2016-06-20T20:33:16+08:00 ] 127.0.0.1 /xiangmu/Indiana/index.htm/api/getshoptest/lottery_shop_json/1466425996740?gid=
INFO: [ app_init ] --START--
INFO: Run Behavior\BuildLiteBehavior [ RunTime:0.000017s ]
INFO: [ app_init ] --END-- [ RunTime:0.000550s ]
ERR: 无法加载模块:Index.htm

[ 2016-06-20T20:33:24+08:00 ] 127.0.0.1 /xiangmu/Indiana/index.htm/api/getshoptest/lottery_shop_json/1466426004745?gid=
INFO: [ app_init ] --START--
INFO: Run Behavior\BuildLiteBehavior [ RunTime:0.000017s ]
INFO: [ app_init ] --END-- [ RunTime:0.000551s ]
ERR: 无法加载模块:Index.htm

[ 2016-06-20T20:33:32+08:00 ] 127.0.0.1 /xiangmu/Indiana/index.htm/api/getshoptest/lottery_shop_json/1466426012746?gid=
INFO: [ app_init ] --START--
INFO: Run Behavior\BuildLiteBehavior [ RunTime:0.000016s ]
INFO: [ app_init ] --END-- [ RunTime:0.000519s ]
ERR: 无法加载模块:Index.htm

[ 2016-06-20T20:33:40+08:00 ] 127.0.0.1 /xiangmu/Indiana/index.htm/api/getshoptest/lottery_shop_json/1466426020749?gid=
INFO: [ app_init ] --START--
INFO: Run Behavior\BuildLiteBehavior [ RunTime:0.000032s ]
INFO: [ app_init ] --END-- [ RunTime:0.000871s ]
ERR: 无法加载模块:Index.htm

[ 2016-06-20T20:33:48+08:00 ] 127.0.0.1 /xiangmu/Indiana/index.htm/api/getshoptest/lottery_shop_json/1466426028751?gid=
INFO: [ app_init ] --START--
INFO: Run Behavior\BuildLiteBehavior [ RunTime:0.000029s ]
INFO: [ app_init ] --END-- [ RunTime:0.000676s ]
ERR: 无法加载模块:Index.htm

[ 2016-06-20T20:33:56+08:00 ] 127.0.0.1 /xiangmu/Indiana/index.htm/api/getshoptest/lottery_shop_json/1466426036763?gid=
INFO: [ app_init ] --START--
INFO: Run Behavior\BuildLiteBehavior [ RunTime:0.000018s ]
INFO: [ app_init ] --END-- [ RunTime:0.000531s ]
ERR: 无法加载模块:Index.htm

[ 2016-06-20T20:34:04+08:00 ] 127.0.0.1 /xiangmu/Indiana/index.htm/api/getshoptest/lottery_shop_json/1466426044770?gid=
INFO: [ app_init ] --START--
INFO: Run Behavior\BuildLiteBehavior [ RunTime:0.000016s ]
INFO: [ app_init ] --END-- [ RunTime:0.000511s ]
ERR: 无法加载模块:Index.htm

[ 2016-06-20T20:34:12+08:00 ] 127.0.0.1 /xiangmu/Indiana/index.htm/api/getshoptest/lottery_shop_json/1466426052783?gid=
INFO: [ app_init ] --START--
INFO: Run Behavior\BuildLiteBehavior [ RunTime:0.000017s ]
INFO: [ app_init ] --END-- [ RunTime:0.000518s ]
ERR: 无法加载模块:Index.htm

[ 2016-06-20T20:34:20+08:00 ] 127.0.0.1 /xiangmu/Indiana/index.htm/api/getshoptest/lottery_shop_json/1466426060783?gid=
INFO: [ app_init ] --START--
INFO: Run Behavior\BuildLiteBehavior [ RunTime:0.000018s ]
INFO: [ app_init ] --END-- [ RunTime:0.000547s ]
ERR: 无法加载模块:Index.htm

[ 2016-06-20T20:34:28+08:00 ] 127.0.0.1 /xiangmu/Indiana/index.htm/api/getshoptest/lottery_shop_json/1466426068784?gid=
INFO: [ app_init ] --START--
INFO: Run Behavior\BuildLiteBehavior [ RunTime:0.000018s ]
INFO: [ app_init ] --END-- [ RunTime:0.000469s ]
ERR: 无法加载模块:Index.htm

[ 2016-06-20T20:34:36+08:00 ] 127.0.0.1 /xiangmu/Indiana/index.htm/api/getshoptest/lottery_shop_json/1466426076794?gid=
INFO: [ app_init ] --START--
INFO: Run Behavior\BuildLiteBehavior [ RunTime:0.000016s ]
INFO: [ app_init ] --END-- [ RunTime:0.000534s ]
ERR: 无法加载模块:Index.htm

[ 2016-06-20T20:34:44+08:00 ] 127.0.0.1 /xiangmu/Indiana/index.htm/api/getshoptest/lottery_shop_json/1466426084796?gid=
INFO: [ app_init ] --START--
INFO: Run Behavior\BuildLiteBehavior [ RunTime:0.000017s ]
INFO: [ app_init ] --END-- [ RunTime:0.000465s ]
ERR: 无法加载模块:Index.htm

[ 2016-06-20T20:34:52+08:00 ] 127.0.0.1 /xiangmu/Indiana/index.htm/api/getshoptest/lottery_shop_json/1466426092806?gid=
INFO: [ app_init ] --START--
INFO: Run Behavior\BuildLiteBehavior [ RunTime:0.000019s ]
INFO: [ app_init ] --END-- [ RunTime:0.000604s ]
ERR: 无法加载模块:Index.htm

[ 2016-06-20T20:35:00+08:00 ] 127.0.0.1 /xiangmu/Indiana/index.htm/api/getshoptest/lottery_shop_json/1466426100807?gid=
INFO: [ app_init ] --START--
INFO: Run Behavior\BuildLiteBehavior [ RunTime:0.000016s ]
INFO: [ app_init ] --END-- [ RunTime:0.000520s ]
ERR: 无法加载模块:Index.htm

[ 2016-06-20T20:35:08+08:00 ] 127.0.0.1 /xiangmu/Indiana/index.htm/api/getshoptest/lottery_shop_json/1466426108807?gid=
INFO: [ app_init ] --START--
INFO: Run Behavior\BuildLiteBehavior [ RunTime:0.000016s ]
INFO: [ app_init ] --END-- [ RunTime:0.000486s ]
ERR: 无法加载模块:Index.htm

[ 2016-06-20T20:35:16+08:00 ] 127.0.0.1 /xiangmu/Indiana/index.htm/api/getshoptest/lottery_shop_json/1466426116808?gid=
INFO: [ app_init ] --START--
INFO: Run Behavior\BuildLiteBehavior [ RunTime:0.000018s ]
INFO: [ app_init ] --END-- [ RunTime:0.000531s ]
ERR: 无法加载模块:Index.htm

[ 2016-06-20T20:35:24+08:00 ] 127.0.0.1 /xiangmu/Indiana/index.htm/api/getshoptest/lottery_shop_json/1466426124809?gid=
INFO: [ app_init ] --START--
INFO: Run Behavior\BuildLiteBehavior [ RunTime:0.000017s ]
INFO: [ app_init ] --END-- [ RunTime:0.000600s ]
ERR: 无法加载模块:Index.htm

[ 2016-06-20T20:35:32+08:00 ] 127.0.0.1 /xiangmu/Indiana/index.htm/api/getshoptest/lottery_shop_json/1466426132810?gid=
INFO: [ app_init ] --START--
INFO: Run Behavior\BuildLiteBehavior [ RunTime:0.000016s ]
INFO: [ app_init ] --END-- [ RunTime:0.000563s ]
ERR: 无法加载模块:Index.htm

[ 2016-06-20T20:35:40+08:00 ] 127.0.0.1 /xiangmu/Indiana/index.htm/api/getshoptest/lottery_shop_json/1466426140811?gid=
INFO: [ app_init ] --START--
INFO: Run Behavior\BuildLiteBehavior [ RunTime:0.000020s ]
INFO: [ app_init ] --END-- [ RunTime:0.000559s ]
ERR: 无法加载模块:Index.htm

[ 2016-06-20T20:35:48+08:00 ] 127.0.0.1 /xiangmu/Indiana/index.htm/api/getshoptest/lottery_shop_json/1466426148812?gid=
INFO: [ app_init ] --START--
INFO: Run Behavior\BuildLiteBehavior [ RunTime:0.000032s ]
INFO: [ app_init ] --END-- [ RunTime:0.000541s ]
ERR: 无法加载模块:Index.htm

[ 2016-06-20T20:35:56+08:00 ] 127.0.0.1 /xiangmu/Indiana/index.htm/api/getshoptest/lottery_shop_json/1466426156812?gid=
INFO: [ app_init ] --START--
INFO: Run Behavior\BuildLiteBehavior [ RunTime:0.000016s ]
INFO: [ app_init ] --END-- [ RunTime:0.000512s ]
ERR: 无法加载模块:Index.htm

[ 2016-06-20T20:36:04+08:00 ] 127.0.0.1 /xiangmu/Indiana/index.htm/api/getshoptest/lottery_shop_json/1466426164812?gid=
INFO: [ app_init ] --START--
INFO: Run Behavior\BuildLiteBehavior [ RunTime:0.000017s ]
INFO: [ app_init ] --END-- [ RunTime:0.000551s ]
ERR: 无法加载模块:Index.htm

[ 2016-06-20T20:36:12+08:00 ] 127.0.0.1 /xiangmu/Indiana/index.htm/api/getshoptest/lottery_shop_json/1466426172813?gid=
INFO: [ app_init ] --START--
INFO: Run Behavior\BuildLiteBehavior [ RunTime:0.000018s ]
INFO: [ app_init ] --END-- [ RunTime:0.000535s ]
ERR: 无法加载模块:Index.htm

[ 2016-06-20T20:36:20+08:00 ] 127.0.0.1 /xiangmu/Indiana/index.htm/api/getshoptest/lottery_shop_json/1466426180814?gid=
INFO: [ app_init ] --START--
INFO: Run Behavior\BuildLiteBehavior [ RunTime:0.000017s ]
INFO: [ app_init ] --END-- [ RunTime:0.000431s ]
ERR: 无法加载模块:Index.htm

[ 2016-06-20T20:36:28+08:00 ] 127.0.0.1 /xiangmu/Indiana/index.htm/api/getshoptest/lottery_shop_json/1466426188815?gid=
INFO: [ app_init ] --START--
INFO: Run Behavior\BuildLiteBehavior [ RunTime:0.000030s ]
INFO: [ app_init ] --END-- [ RunTime:0.000911s ]
ERR: 无法加载模块:Index.htm

[ 2016-06-20T20:36:36+08:00 ] 127.0.0.1 /xiangmu/Indiana/index.htm/api/getshoptest/lottery_shop_json/1466426196816?gid=
INFO: [ app_init ] --START--
INFO: Run Behavior\BuildLiteBehavior [ RunTime:0.000015s ]
INFO: [ app_init ] --END-- [ RunTime:0.000533s ]
ERR: 无法加载模块:Index.htm

[ 2016-06-20T20:36:44+08:00 ] 127.0.0.1 /xiangmu/Indiana/index.htm/api/getshoptest/lottery_shop_json/1466426204816?gid=
INFO: [ app_init ] --START--
INFO: Run Behavior\BuildLiteBehavior [ RunTime:0.000019s ]
INFO: [ app_init ] --END-- [ RunTime:0.000586s ]
ERR: 无法加载模块:Index.htm

[ 2016-06-20T20:36:52+08:00 ] 127.0.0.1 /xiangmu/Indiana/index.htm/api/getshoptest/lottery_shop_json/1466426212824?gid=
INFO: [ app_init ] --START--
INFO: Run Behavior\BuildLiteBehavior [ RunTime:0.000017s ]
INFO: [ app_init ] --END-- [ RunTime:0.000435s ]
ERR: 无法加载模块:Index.htm

[ 2016-06-20T20:37:00+08:00 ] 127.0.0.1 /xiangmu/Indiana/index.htm/api/getshoptest/lottery_shop_json/1466426220839?gid=
INFO: [ app_init ] --START--
INFO: Run Behavior\BuildLiteBehavior [ RunTime:0.000017s ]
INFO: [ app_init ] --END-- [ RunTime:0.000435s ]
ERR: 无法加载模块:Index.htm

[ 2016-06-20T20:37:08+08:00 ] 127.0.0.1 /xiangmu/Indiana/index.htm/api/getshoptest/lottery_shop_json/1466426228839?gid=
INFO: [ app_init ] --START--
INFO: Run Behavior\BuildLiteBehavior [ RunTime:0.000017s ]
INFO: [ app_init ] --END-- [ RunTime:0.000539s ]
ERR: 无法加载模块:Index.htm

[ 2016-06-20T20:37:16+08:00 ] 127.0.0.1 /xiangmu/Indiana/index.htm/api/getshoptest/lottery_shop_json/1466426236844?gid=
INFO: [ app_init ] --START--
INFO: Run Behavior\BuildLiteBehavior [ RunTime:0.000016s ]
INFO: [ app_init ] --END-- [ RunTime:0.000497s ]
ERR: 无法加载模块:Index.htm

[ 2016-06-20T20:37:24+08:00 ] 127.0.0.1 /xiangmu/Indiana/index.htm/api/getshoptest/lottery_shop_json/1466426244852?gid=
INFO: [ app_init ] --START--
INFO: Run Behavior\BuildLiteBehavior [ RunTime:0.000017s ]
INFO: [ app_init ] --END-- [ RunTime:0.000465s ]
ERR: 无法加载模块:Index.htm

[ 2016-06-20T20:37:32+08:00 ] 127.0.0.1 /xiangmu/Indiana/index.htm/api/getshoptest/lottery_shop_json/1466426252861?gid=
INFO: [ app_init ] --START--
INFO: Run Behavior\BuildLiteBehavior [ RunTime:0.000017s ]
INFO: [ app_init ] --END-- [ RunTime:0.000510s ]
ERR: 无法加载模块:Index.htm

[ 2016-06-20T20:37:40+08:00 ] 127.0.0.1 /xiangmu/Indiana/index.htm/api/getshoptest/lottery_shop_json/1466426260876?gid=
INFO: [ app_init ] --START--
INFO: Run Behavior\BuildLiteBehavior [ RunTime:0.000016s ]
INFO: [ app_init ] --END-- [ RunTime:0.000530s ]
ERR: 无法加载模块:Index.htm

[ 2016-06-20T20:37:48+08:00 ] 127.0.0.1 /xiangmu/Indiana/index.htm/api/getshoptest/lottery_shop_json/1466426268887?gid=
INFO: [ app_init ] --START--
INFO: Run Behavior\BuildLiteBehavior [ RunTime:0.000018s ]
INFO: [ app_init ] --END-- [ RunTime:0.000572s ]
ERR: 无法加载模块:Index.htm

[ 2016-06-20T20:37:56+08:00 ] 127.0.0.1 /xiangmu/Indiana/index.htm/api/getshoptest/lottery_shop_json/1466426276895?gid=
INFO: [ app_init ] --START--
INFO: Run Behavior\BuildLiteBehavior [ RunTime:0.000016s ]
INFO: [ app_init ] --END-- [ RunTime:0.000518s ]
ERR: 无法加载模块:Index.htm

[ 2016-06-20T20:38:04+08:00 ] 127.0.0.1 /xiangmu/Indiana/index.htm/api/getshoptest/lottery_shop_json/1466426284897?gid=
INFO: [ app_init ] --START--
INFO: Run Behavior\BuildLiteBehavior [ RunTime:0.000019s ]
INFO: [ app_init ] --END-- [ RunTime:0.000558s ]
ERR: 无法加载模块:Index.htm

[ 2016-06-20T20:38:12+08:00 ] 127.0.0.1 /xiangmu/Indiana/index.htm/api/getshoptest/lottery_shop_json/1466426292903?gid=
INFO: [ app_init ] --START--
INFO: Run Behavior\BuildLiteBehavior [ RunTime:0.000018s ]
INFO: [ app_init ] --END-- [ RunTime:0.000530s ]
ERR: 无法加载模块:Index.htm

[ 2016-06-20T20:38:20+08:00 ] 127.0.0.1 /xiangmu/Indiana/index.htm/api/getshoptest/lottery_shop_json/1466426300919?gid=
INFO: [ app_init ] --START--
INFO: Run Behavior\BuildLiteBehavior [ RunTime:0.000031s ]
INFO: [ app_init ] --END-- [ RunTime:0.000734s ]
ERR: 无法加载模块:Index.htm

[ 2016-06-20T20:38:28+08:00 ] 127.0.0.1 /xiangmu/Indiana/index.htm/api/getshoptest/lottery_shop_json/1466426308920?gid=
INFO: [ app_init ] --START--
INFO: Run Behavior\BuildLiteBehavior [ RunTime:0.000016s ]
INFO: [ app_init ] --END-- [ RunTime:0.000516s ]
ERR: 无法加载模块:Index.htm

